0 verbose cli [
0 verbose cli   'C:\\Program Files\\nodejs\\node.exe',
0 verbose cli   'C:\\Users\\Mithat Kara\\AppData\\Roaming\\npm\\node_modules\\npm\\bin\\npm-cli.js',
0 verbose cli   'install',
0 verbose cli   'react-bootstrap',
0 verbose cli   'bootstrap@5.1.3'
0 verbose cli ]
1 info using npm@8.4.0
2 info using node@v16.13.1
3 timing npm:load:whichnode Completed in 0ms
4 timing config:load:defaults Completed in 1ms
5 timing config:load:file:C:\Users\Mithat Kara\AppData\Roaming\npm\node_modules\npm\npmrc Completed in 2ms
6 timing config:load:builtin Completed in 2ms
7 timing config:load:cli Completed in 1ms
8 timing config:load:env Completed in 1ms
9 timing config:load:file:C:\Users\Mithat Kara\OneDrive\Masa端st端\app\routing-app\.npmrc Completed in 0ms
10 timing config:load:project Completed in 1ms
11 timing config:load:file:C:\Users\Mithat Kara\.npmrc Completed in 1ms
12 timing config:load:user Completed in 1ms
13 timing config:load:file:C:\Users\Mithat Kara\AppData\Roaming\npm\etc\npmrc Completed in 1ms
14 timing config:load:global Completed in 1ms
15 timing config:load:validate Completed in 2ms
16 timing config:load:credentials Completed in 1ms
17 timing config:load:setEnvs Completed in 0ms
18 timing config:load Completed in 11ms
19 timing npm:load:configload Completed in 11ms
20 timing npm:load:setTitle Completed in 0ms
21 timing config:load:flatten Completed in 2ms
22 timing npm:load:display Completed in 3ms
23 verbose logfile C:\Users\Mithat Kara\OneDrive\Masa端st端\app\routing-app\_logs\2022-01-29T11_16_33_588Z-debug-0.log
24 timing npm:load:logFile Completed in 10ms
25 timing npm:load:timers Completed in 0ms
26 timing npm:load:configScope Completed in 0ms
27 timing npm:load Completed in 26ms
28 timing arborist:ctor Completed in 1ms
29 timing idealTree:init Completed in 546ms
30 timing idealTree:userRequests Completed in 2ms
31 silly idealTree buildDeps
32 silly fetch manifest react-bootstrap@*
33 timing arborist:ctor Completed in 0ms
34 http fetch GET 200 https://registry.npmjs.org/react-bootstrap 1553ms (cache miss)
35 silly fetch manifest react@^17.0.2
36 http fetch GET 200 https://registry.npmjs.org/react 86ms (cache revalidated)
37 silly fetch manifest react-dom@^17.0.2
38 http fetch GET 200 https://registry.npmjs.org/react-dom 83ms (cache revalidated)
39 silly fetch manifest bootstrap@5.1.3
40 http fetch GET 200 https://registry.npmjs.org/bootstrap 100ms (cache miss)
41 silly fetch manifest @popperjs/core@^2.10.2
42 http fetch GET 200 https://registry.npmjs.org/@popperjs%2fcore 127ms (cache miss)
43 silly placeDep ROOT bootstrap@5.1.3 OK for: routing-app@0.1.0 want: 5.1.3
44 silly placeDep ROOT @popperjs/core@2.11.2 OK for: bootstrap@5.1.3 want: ^2.10.2
45 silly placeDep ROOT react-bootstrap@2.1.1 OK for: routing-app@0.1.0 want: *
46 silly fetch manifest @restart/hooks@^0.4.5
47 silly fetch manifest @restart/ui@^0.2.5
48 silly fetch manifest @types/invariant@^2.2.33
49 silly fetch manifest @types/prop-types@^15.7.3
50 silly fetch manifest @types/react@>=16.14.8
51 silly fetch manifest @types/react-transition-group@^4.4.1
52 silly fetch manifest @types/warning@^3.0.0
53 silly fetch manifest classnames@^2.3.1
54 silly fetch manifest dom-helpers@^5.2.1
55 silly fetch manifest invariant@^2.2.4
56 silly fetch manifest prop-types-extra@^1.1.0
57 silly fetch manifest react-transition-group@^4.4.1
58 silly fetch manifest uncontrollable@^7.2.1
59 silly fetch manifest warning@^4.0.3
60 http fetch GET 200 https://registry.npmjs.org/@restart%2fhooks 155ms (cache miss)
61 http fetch GET 200 https://registry.npmjs.org/invariant 193ms (cache miss)
62 http fetch GET 200 https://registry.npmjs.org/uncontrollable 196ms (cache miss)
63 http fetch GET 200 https://registry.npmjs.org/warning 200ms (cache miss)
64 http fetch GET 200 https://registry.npmjs.org/prop-types-extra 230ms (cache miss)
65 http fetch GET 200 https://registry.npmjs.org/@types%2fprop-types 232ms (cache miss)
66 http fetch GET 200 https://registry.npmjs.org/@types%2freact-transition-group 236ms (cache miss)
67 http fetch GET 200 https://registry.npmjs.org/@types%2fwarning 236ms (cache miss)
68 http fetch GET 200 https://registry.npmjs.org/dom-helpers 238ms (cache miss)
69 http fetch GET 200 https://registry.npmjs.org/classnames 239ms (cache miss)
70 http fetch GET 200 https://registry.npmjs.org/@restart%2fui 267ms (cache miss)
71 http fetch GET 200 https://registry.npmjs.org/@types%2freact 293ms (cache miss)
72 http fetch GET 200 https://registry.npmjs.org/react-transition-group 973ms (cache miss)
73 http fetch GET 200 https://registry.npmjs.org/@types%2finvariant 1707ms (cache miss)
74 timing idealTree:#root Completed in 3689ms
75 timing idealTree:node_modules/@popperjs/core Completed in 0ms
76 timing idealTree:node_modules/bootstrap Completed in 0ms
77 silly fetch manifest react@>=16.14.0
78 silly fetch manifest react-dom@>=16.14.0
79 silly placeDep ROOT @restart/hooks@0.4.5 OK for: react-bootstrap@2.1.1 want: ^0.4.5
80 silly placeDep ROOT @restart/ui@0.2.6 OK for: react-bootstrap@2.1.1 want: ^0.2.5
81 silly placeDep ROOT @types/invariant@2.2.35 OK for: react-bootstrap@2.1.1 want: ^2.2.33
82 silly placeDep ROOT @types/prop-types@15.7.4 OK for: react-bootstrap@2.1.1 want: ^15.7.3
83 silly placeDep ROOT @types/react@17.0.38 OK for: react-bootstrap@2.1.1 want: >=16.14.8
84 silly placeDep ROOT @types/react-transition-group@4.4.4 OK for: react-bootstrap@2.1.1 want: ^4.4.1
85 silly placeDep ROOT @types/warning@3.0.0 OK for: react-bootstrap@2.1.1 want: ^3.0.0
86 silly placeDep ROOT classnames@2.3.1 OK for: react-bootstrap@2.1.1 want: ^2.3.1
87 silly placeDep ROOT dom-helpers@5.2.1 OK for: react-bootstrap@2.1.1 want: ^5.2.1
88 silly placeDep ROOT invariant@2.2.4 OK for: react-bootstrap@2.1.1 want: ^2.2.4
89 silly placeDep ROOT prop-types-extra@1.1.1 OK for: react-bootstrap@2.1.1 want: ^1.1.0
90 silly placeDep ROOT react-transition-group@4.4.2 OK for: react-bootstrap@2.1.1 want: ^4.4.1
91 silly placeDep ROOT uncontrollable@7.2.1 OK for: react-bootstrap@2.1.1 want: ^7.2.1
92 silly placeDep ROOT warning@4.0.3 OK for: react-bootstrap@2.1.1 want: ^4.0.3
93 silly fetch manifest dequal@^2.0.2
94 silly fetch manifest @react-aria/ssr@^3.0.1
95 silly fetch manifest @types/scheduler@*
96 silly fetch manifest csstype@^3.0.2
97 silly fetch manifest react-is@^16.3.2
98 silly fetch manifest react-lifecycles-compat@^3.0.4
99 http fetch GET 200 https://registry.npmjs.org/react-lifecycles-compat 89ms (cache miss)
100 http fetch GET 200 https://registry.npmjs.org/csstype 96ms (cache miss)
101 http fetch GET 200 https://registry.npmjs.org/@types%2fscheduler 100ms (cache miss)
102 http fetch GET 200 https://registry.npmjs.org/dequal 101ms (cache miss)
103 http fetch GET 200 https://registry.npmjs.org/react-is 262ms (cache miss)
104 http fetch GET 200 https://registry.npmjs.org/@react-aria%2fssr 1733ms (cache miss)
105 timing idealTree:node_modules/react-bootstrap Completed in 1753ms
106 silly placeDep ROOT dequal@2.0.2 OK for: @restart/hooks@0.4.5 want: ^2.0.2
107 timing idealTree:node_modules/@restart/hooks Completed in 1ms
108 silly placeDep ROOT @react-aria/ssr@3.1.0 OK for: @restart/ui@0.2.6 want: ^3.0.1
109 timing idealTree:node_modules/@restart/ui Completed in 3ms
110 timing idealTree:node_modules/@react-aria/ssr Completed in 0ms
111 timing idealTree:node_modules/@types/invariant Completed in 0ms
112 timing idealTree:node_modules/@types/prop-types Completed in 0ms
113 silly placeDep ROOT @types/scheduler@0.16.2 OK for: @types/react@17.0.38 want: *
114 silly placeDep ROOT csstype@3.0.10 OK for: @types/react@17.0.38 want: ^3.0.2
115 timing idealTree:node_modules/@types/react Completed in 4ms
116 timing idealTree:node_modules/@types/react-transition-group Completed in 0ms
117 timing idealTree:node_modules/@types/scheduler Completed in 0ms
118 timing idealTree:node_modules/@types/warning Completed in 0ms
119 timing idealTree:node_modules/classnames Completed in 0ms
120 timing idealTree:node_modules/csstype Completed in 0ms
121 timing idealTree:node_modules/dequal Completed in 0ms
122 timing idealTree:node_modules/dom-helpers Completed in 0ms
123 timing idealTree:node_modules/invariant Completed in 0ms
124 silly placeDep node_modules/prop-types-extra react-is@16.13.1 OK for: prop-types-extra@1.1.1 want: ^16.3.2
125 timing idealTree:node_modules/prop-types-extra Completed in 1ms
126 timing idealTree:node_modules/react-transition-group Completed in 0ms
127 silly placeDep ROOT react-lifecycles-compat@3.0.4 OK for: uncontrollable@7.2.1 want: ^3.0.4
128 timing idealTree:node_modules/uncontrollable Completed in 1ms
129 timing idealTree:node_modules/react-lifecycles-compat Completed in 0ms
130 timing idealTree:node_modules/warning Completed in 0ms
131 timing idealTree:node_modules/prop-types-extra/node_modules/react-is Completed in 0ms
132 timing idealTree:buildDeps Completed in 5454ms
133 timing idealTree:fixDepFlags Completed in 13ms
134 timing idealTree Completed in 6030ms
135 timing reify:loadTrees Completed in 6031ms
136 timing reify:diffTrees Completed in 27ms
137 silly reify moves {}
138 timing reify:retireShallow Completed in 1ms
139 timing reify:createSparse Completed in 10ms
140 timing reify:loadBundles Completed in 0ms
141 silly audit bulk request {
141 silly audit   '@babel/code-frame': [ '7.16.7' ],
141 silly audit   '@babel/compat-data': [ '7.16.8' ],
141 silly audit   '@babel/core': [ '7.16.12' ],
141 silly audit   semver: [ '6.3.0', '7.0.0', '7.3.5' ],
141 silly audit   '@babel/eslint-parser': [ '7.16.5' ],
141 silly audit   'eslint-scope': [ '5.1.1', '7.1.0' ],
141 silly audit   'eslint-visitor-keys': [ '2.1.0', '3.2.0' ],
141 silly audit   estraverse: [ '4.3.0', '5.3.0' ],
141 silly audit   '@babel/generator': [ '7.16.8' ],
141 silly audit   '@babel/helper-annotate-as-pure': [ '7.16.7' ],
141 silly audit   '@babel/helper-builder-binary-assignment-operator-visitor': [ '7.16.7' ],
141 silly audit   '@babel/helper-compilation-targets': [ '7.16.7' ],
141 silly audit   '@babel/helper-create-class-features-plugin': [ '7.16.10' ],
141 silly audit   '@babel/helper-create-regexp-features-plugin': [ '7.16.7' ],
141 silly audit   '@babel/helper-define-polyfill-provider': [ '0.3.1' ],
141 silly audit   '@babel/helper-environment-visitor': [ '7.16.7' ],
141 silly audit   '@babel/helper-explode-assignable-expression': [ '7.16.7' ],
141 silly audit   '@babel/helper-function-name': [ '7.16.7' ],
141 silly audit   '@babel/helper-get-function-arity': [ '7.16.7' ],
141 silly audit   '@babel/helper-hoist-variables': [ '7.16.7' ],
141 silly audit   '@babel/helper-member-expression-to-functions': [ '7.16.7' ],
141 silly audit   '@babel/helper-module-imports': [ '7.16.7' ],
141 silly audit   '@babel/helper-module-transforms': [ '7.16.7' ],
141 silly audit   '@babel/helper-optimise-call-expression': [ '7.16.7' ],
141 silly audit   '@babel/helper-plugin-utils': [ '7.16.7' ],
141 silly audit   '@babel/helper-remap-async-to-generator': [ '7.16.8' ],
141 silly audit   '@babel/helper-replace-supers': [ '7.16.7' ],
141 silly audit   '@babel/helper-simple-access': [ '7.16.7' ],
141 silly audit   '@babel/helper-skip-transparent-expression-wrappers': [ '7.16.0' ],
141 silly audit   '@babel/helper-split-export-declaration': [ '7.16.7' ],
141 silly audit   '@babel/helper-validator-identifier': [ '7.16.7' ],
141 silly audit   '@babel/helper-validator-option': [ '7.16.7' ],
141 silly audit   '@babel/helper-wrap-function': [ '7.16.8' ],
141 silly audit   '@babel/helpers': [ '7.16.7' ],
141 silly audit   '@babel/highlight': [ '7.16.10' ],
141 silly audit   '@babel/parser': [ '7.16.12' ],
141 silly audit   '@babel/plugin-bugfix-safari-id-destructuring-collision-in-function-expression': [ '7.16.7' ],
141 silly audit   '@babel/plugin-bugfix-v8-spread-parameters-in-optional-chaining': [ '7.16.7' ],
141 silly audit   '@babel/plugin-proposal-async-generator-functions': [ '7.16.8' ],
141 silly audit   '@babel/plugin-proposal-class-properties': [ '7.16.7' ],
141 silly audit   '@babel/plugin-proposal-class-static-block': [ '7.16.7' ],
141 silly audit   '@babel/plugin-proposal-decorators': [ '7.16.7' ],
141 silly audit   '@babel/plugin-proposal-dynamic-import': [ '7.16.7' ],
141 silly audit   '@babel/plugin-proposal-export-namespace-from': [ '7.16.7' ],
141 silly audit   '@babel/plugin-proposal-json-strings': [ '7.16.7' ],
141 silly audit   '@babel/plugin-proposal-logical-assignment-operators': [ '7.16.7' ],
141 silly audit   '@babel/plugin-proposal-nullish-coalescing-operator': [ '7.16.7' ],
141 silly audit   '@babel/plugin-proposal-numeric-separator': [ '7.16.7' ],
141 silly audit   '@babel/plugin-proposal-object-rest-spread': [ '7.16.7' ],
141 silly audit   '@babel/plugin-proposal-optional-catch-binding': [ '7.16.7' ],
141 silly audit   '@babel/plugin-proposal-optional-chaining': [ '7.16.7' ],
141 silly audit   '@babel/plugin-proposal-private-methods': [ '7.16.11' ],
141 silly audit   '@babel/plugin-proposal-private-property-in-object': [ '7.16.7' ],
141 silly audit   '@babel/plugin-proposal-unicode-property-regex': [ '7.16.7' ],
141 silly audit   '@babel/plugin-syntax-async-generators': [ '7.8.4' ],
141 silly audit   '@babel/plugin-syntax-bigint': [ '7.8.3' ],
141 silly audit   '@babel/plugin-syntax-class-properties': [ '7.12.13' ],
141 silly audit   '@babel/plugin-syntax-class-static-block': [ '7.14.5' ],
141 silly audit   '@babel/plugin-syntax-decorators': [ '7.16.7' ],
141 silly audit   '@babel/plugin-syntax-dynamic-import': [ '7.8.3' ],
141 silly audit   '@babel/plugin-syntax-export-namespace-from': [ '7.8.3' ],
141 silly audit   '@babel/plugin-syntax-flow': [ '7.16.7' ],
141 silly audit   '@babel/plugin-syntax-import-meta': [ '7.10.4' ],
141 silly audit   '@babel/plugin-syntax-json-strings': [ '7.8.3' ],
141 silly audit   '@babel/plugin-syntax-jsx': [ '7.16.7' ],
141 silly audit   '@babel/plugin-syntax-logical-assignment-operators': [ '7.10.4' ],
141 silly audit   '@babel/plugin-syntax-nullish-coalescing-operator': [ '7.8.3' ],
141 silly audit   '@babel/plugin-syntax-numeric-separator': [ '7.10.4' ],
141 silly audit   '@babel/plugin-syntax-object-rest-spread': [ '7.8.3' ],
141 silly audit   '@babel/plugin-syntax-optional-catch-binding': [ '7.8.3' ],
141 silly audit   '@babel/plugin-syntax-optional-chaining': [ '7.8.3' ],
141 silly audit   '@babel/plugin-syntax-private-property-in-object': [ '7.14.5' ],
141 silly audit   '@babel/plugin-syntax-top-level-await': [ '7.14.5' ],
141 silly audit   '@babel/plugin-syntax-typescript': [ '7.16.7' ],
141 silly audit   '@babel/plugin-transform-arrow-functions': [ '7.16.7' ],
141 silly audit   '@babel/plugin-transform-async-to-generator': [ '7.16.8' ],
141 silly audit   '@babel/plugin-transform-block-scoped-functions': [ '7.16.7' ],
141 silly audit   '@babel/plugin-transform-block-scoping': [ '7.16.7' ],
141 silly audit   '@babel/plugin-transform-classes': [ '7.16.7' ],
141 silly audit   '@babel/plugin-transform-computed-properties': [ '7.16.7' ],
141 silly audit   '@babel/plugin-transform-destructuring': [ '7.16.7' ],
141 silly audit   '@babel/plugin-transform-dotall-regex': [ '7.16.7' ],
141 silly audit   '@babel/plugin-transform-duplicate-keys': [ '7.16.7' ],
141 silly audit   '@babel/plugin-transform-exponentiation-operator': [ '7.16.7' ],
141 silly audit   '@babel/plugin-transform-flow-strip-types': [ '7.16.7' ],
141 silly audit   '@babel/plugin-transform-for-of': [ '7.16.7' ],
141 silly audit   '@babel/plugin-transform-function-name': [ '7.16.7' ],
141 silly audit   '@babel/plugin-transform-literals': [ '7.16.7' ],
141 silly audit   '@babel/plugin-transform-member-expression-literals': [ '7.16.7' ],
141 silly audit   '@babel/plugin-transform-modules-amd': [ '7.16.7' ],
141 silly audit   '@babel/plugin-transform-modules-commonjs': [ '7.16.8' ],
141 silly audit   '@babel/plugin-transform-modules-systemjs': [ '7.16.7' ],
141 silly audit   '@babel/plugin-transform-modules-umd': [ '7.16.7' ],
141 silly audit   '@babel/plugin-transform-named-capturing-groups-regex': [ '7.16.8' ],
141 silly audit   '@babel/plugin-transform-new-target': [ '7.16.7' ],
141 silly audit   '@babel/plugin-transform-object-super': [ '7.16.7' ],
141 silly audit   '@babel/plugin-transform-parameters': [ '7.16.7' ],
141 silly audit   '@babel/plugin-transform-property-literals': [ '7.16.7' ],
141 silly audit   '@babel/plugin-transform-react-constant-elements': [ '7.16.7' ],
141 silly audit   '@babel/plugin-transform-react-display-name': [ '7.16.7' ],
141 silly audit   '@babel/plugin-transform-react-jsx': [ '7.16.7' ],
141 silly audit   '@babel/plugin-transform-react-jsx-development': [ '7.16.7' ],
141 silly audit   '@babel/plugin-transform-react-pure-annotations': [ '7.16.7' ],
141 silly audit   '@babel/plugin-transform-regenerator': [ '7.16.7' ],
141 silly audit   '@babel/plugin-transform-reserved-words': [ '7.16.7' ],
141 silly audit   '@babel/plugin-transform-runtime': [ '7.16.10' ],
141 silly audit   '@babel/plugin-transform-shorthand-properties': [ '7.16.7' ],
141 silly audit   '@babel/plugin-transform-spread': [ '7.16.7' ],
141 silly audit   '@babel/plugin-transform-sticky-regex': [ '7.16.7' ],
141 silly audit   '@babel/plugin-transform-template-literals': [ '7.16.7' ],
141 silly audit   '@babel/plugin-transform-typeof-symbol': [ '7.16.7' ],
141 silly audit   '@babel/plugin-transform-typescript': [ '7.16.8' ],
141 silly audit   '@babel/plugin-transform-unicode-escapes': [ '7.16.7' ],
141 silly audit   '@babel/plugin-transform-unicode-regex': [ '7.16.7' ],
141 silly audit   '@babel/preset-env': [ '7.16.11' ],
141 silly audit   '@babel/preset-modules': [ '0.1.5' ],
141 silly audit   '@babel/preset-react': [ '7.16.7' ],
141 silly audit   '@babel/preset-typescript': [ '7.16.7' ],
141 silly audit   '@babel/runtime': [ '7.16.7' ],
141 silly audit   '@babel/runtime-corejs3': [ '7.16.8' ],
141 silly audit   '@babel/template': [ '7.16.7' ],
141 silly audit   '@babel/traverse': [ '7.16.10' ],
141 silly audit   '@babel/types': [ '7.16.8' ],
141 silly audit   '@bcoe/v8-coverage': [ '0.2.3' ],
141 silly audit   '@csstools/normalize.css': [ '12.0.0' ],
141 silly audit   '@eslint/eslintrc': [ '1.0.5' ],
141 silly audit   argparse: [ '2.0.1', '1.0.10' ],
141 silly audit   globals: [ '13.12.0', '11.12.0' ],
141 silly audit   ignore: [ '4.0.6', '5.2.0' ],
141 silly audit   'js-yaml': [ '4.1.0', '3.14.1' ],
141 silly audit   'type-fest': [ '0.20.2', '0.16.0', '0.21.3' ],
141 silly audit   '@humanwhocodes/config-array': [ '0.9.3' ],
141 silly audit   '@humanwhocodes/object-schema': [ '1.2.1' ],
141 silly audit   '@istanbuljs/load-nyc-config': [ '1.1.0' ],
141 silly audit   camelcase: [ '5.3.1', '6.3.0' ],
141 silly audit   'find-up': [ '4.1.0', '2.1.0', '5.0.0', '3.0.0' ],
141 silly audit   'locate-path': [ '5.0.0', '2.0.0', '6.0.0', '3.0.0' ],
141 silly audit   'p-limit': [ '2.3.0', '1.3.0', '3.1.0' ],
141 silly audit   'p-locate': [ '4.1.0', '2.0.0', '5.0.0', '3.0.0' ],
141 silly audit   '@istanbuljs/schema': [ '0.1.3' ],
141 silly audit   '@jest/console': [ '27.4.6' ],
141 silly audit   'ansi-styles': [ '4.3.0', '3.2.1', '5.2.0' ],
141 silly audit   chalk: [ '4.1.2', '3.0.0', '2.4.2' ],
141 silly audit   'color-convert': [ '2.0.1', '1.9.3' ],
141 silly audit   'color-name': [ '1.1.4', '1.1.3' ],
141 silly audit   'has-flag': [ '4.0.0', '3.0.0' ],
141 silly audit   'supports-color': [ '7.2.0', '8.1.1', '5.5.0' ],
141 silly audit   '@jest/core': [ '27.4.7' ],
141 silly audit   '@jest/environment': [ '27.4.6' ],
141 silly audit   '@jest/fake-timers': [ '27.4.6' ],
141 silly audit   '@jest/globals': [ '27.4.6' ],
141 silly audit   '@jest/reporters': [ '27.4.6' ],
141 silly audit   'source-map': [ '0.6.1', '0.7.3', '0.5.7', '0.8.0-beta.0' ],
141 silly audit   '@jest/source-map': [ '27.4.0' ],
141 silly audit   '@jest/test-result': [ '27.4.6' ],
141 silly audit   '@jest/test-sequencer': [ '27.4.6' ],
141 silly audit   '@jest/transform': [ '27.4.6' ],
141 silly audit   '@jest/types': [ '27.4.2' ],
141 silly audit   '@nodelib/fs.scandir': [ '2.1.5' ],
141 silly audit   '@nodelib/fs.stat': [ '2.0.5' ],
141 silly audit   '@nodelib/fs.walk': [ '1.2.8' ],
141 silly audit   '@pmmmwh/react-refresh-webpack-plugin': [ '0.5.4' ],
141 silly audit   '@rollup/plugin-babel': [ '5.3.0' ],
141 silly audit   '@rollup/plugin-node-resolve': [ '11.2.1' ],
141 silly audit   '@rollup/plugin-replace': [ '2.4.2' ],
141 silly audit   '@rollup/pluginutils': [ '3.1.0' ],
141 silly audit   '@types/estree': [ '0.0.39', '0.0.50' ],
141 silly audit   '@rushstack/eslint-patch': [ '1.1.0' ],
141 silly audit   '@sinonjs/commons': [ '1.8.3' ],
141 silly audit   '@sinonjs/fake-timers': [ '8.1.0' ],
141 silly audit   '@surma/rollup-plugin-off-main-thread': [ '2.2.3' ],
141 silly audit   '@svgr/babel-plugin-add-jsx-attribute': [ '5.4.0' ],
141 silly audit   '@svgr/babel-plugin-remove-jsx-attribute': [ '5.4.0' ],
141 silly audit   '@svgr/babel-plugin-remove-jsx-empty-expression': [ '5.0.1' ],
141 silly audit   '@svgr/babel-plugin-replace-jsx-attribute-value': [ '5.0.1' ],
141 silly audit   '@svgr/babel-plugin-svg-dynamic-title': [ '5.4.0' ],
141 silly audit   '@svgr/babel-plugin-svg-em-dimensions': [ '5.4.0' ],
141 silly audit   '@svgr/babel-plugin-transform-react-native-svg': [ '5.4.0' ],
141 silly audit   '@svgr/babel-plugin-transform-svg-component': [ '5.5.0' ],
141 silly audit   '@svgr/babel-preset': [ '5.5.0' ],
141 silly audit   '@svgr/core': [ '5.5.0' ],
141 silly audit   '@svgr/hast-util-to-babel-ast': [ '5.5.0' ],
141 silly audit   '@svgr/plugin-jsx': [ '5.5.0' ],
141 silly audit   '@svgr/plugin-svgo': [ '5.5.0' ],
141 silly audit   '@svgr/webpack': [ '5.5.0' ],
141 silly audit   '@testing-library/dom': [ '8.11.3' ],
141 silly audit   'aria-query': [ '5.0.0', '4.2.2' ],
141 silly audit   '@testing-library/jest-dom': [ '5.16.1' ],
141 silly audit   '@testing-library/react': [ '12.1.2' ],
141 silly audit   '@testing-library/user-event': [ '13.5.0' ],
141 silly audit   '@tootallnate/once': [ '1.1.2' ],
141 silly audit   '@trysound/sax': [ '0.2.0' ],
141 silly audit   '@types/aria-query': [ '4.2.2' ],
141 silly audit   '@types/babel__core': [ '7.1.18' ],
141 silly audit   '@types/babel__generator': [ '7.6.4' ],
141 silly audit   '@types/babel__template': [ '7.4.1' ],
141 silly audit   '@types/babel__traverse': [ '7.14.2' ],
141 silly audit   '@types/body-parser': [ '1.19.2' ],
141 silly audit   '@types/bonjour': [ '3.5.10' ],
141 silly audit   '@types/connect': [ '3.4.35' ],
141 silly audit   '@types/connect-history-api-fallback': [ '1.3.5' ],
141 silly audit   '@types/eslint': [ '7.29.0' ],
141 silly audit   '@types/eslint-scope': [ '3.7.3' ],
141 silly audit   '@types/express': [ '4.17.13' ],
141 silly audit   '@types/express-serve-static-core': [ '4.17.28' ],
141 silly audit   '@types/graceful-fs': [ '4.1.5' ],
141 silly audit   '@types/html-minifier-terser': [ '6.1.0' ],
141 silly audit   '@types/http-proxy': [ '1.17.8' ],
141 silly audit   '@types/istanbul-lib-coverage': [ '2.0.4' ],
141 silly audit   '@types/istanbul-lib-report': [ '3.0.0' ],
141 silly audit   '@types/istanbul-reports': [ '3.0.1' ],
141 silly audit   '@types/jest': [ '27.4.0' ],
141 silly audit   '@types/json-schema': [ '7.0.9' ],
141 silly audit   '@types/json5': [ '0.0.29' ],
141 silly audit   '@types/mime': [ '1.3.2' ],
141 silly audit   '@types/node': [ '17.0.13' ],
141 silly audit   '@types/parse-json': [ '4.0.0' ],
141 silly audit   '@types/prettier': [ '2.4.3' ],
141 silly audit   '@types/q': [ '1.5.5' ],
141 silly audit   '@types/qs': [ '6.9.7' ],
141 silly audit   '@types/range-parser': [ '1.2.4' ],
141 silly audit   '@types/resolve': [ '1.17.1' ],
141 silly audit   '@types/retry': [ '0.12.1' ],
141 silly audit   '@types/serve-index': [ '1.9.1' ],
141 silly audit   '@types/serve-static': [ '1.13.10' ],
141 silly audit   '@types/sockjs': [ '0.3.33' ],
141 silly audit   '@types/stack-utils': [ '2.0.1' ],
141 silly audit   '@types/testing-library__jest-dom': [ '5.14.2' ],
141 silly audit   '@types/trusted-types': [ '2.0.2' ],
141 silly audit   '@types/ws': [ '8.2.2' ],
141 silly audit   '@types/yargs': [ '16.0.4' ],
141 silly audit   '@types/yargs-parser': [ '20.2.1' ],
141 silly audit   '@typescript-eslint/eslint-plugin': [ '5.10.1' ],
141 silly audit   '@typescript-eslint/experimental-utils': [ '5.10.1' ],
141 silly audit   '@typescript-eslint/parser': [ '5.10.1' ],
141 silly audit   '@typescript-eslint/scope-manager': [ '5.10.1' ],
141 silly audit   '@typescript-eslint/type-utils': [ '5.10.1' ],
141 silly audit   '@typescript-eslint/types': [ '5.10.1' ],
141 silly audit   '@typescript-eslint/typescript-estree': [ '5.10.1' ],
141 silly audit   '@typescript-eslint/utils': [ '5.10.1' ],
141 silly audit   '@typescript-eslint/visitor-keys': [ '5.10.1' ],
141 silly audit   '@webassemblyjs/ast': [ '1.11.1' ],
141 silly audit   '@webassemblyjs/floating-point-hex-parser': [ '1.11.1' ],
141 silly audit   '@webassemblyjs/helper-api-error': [ '1.11.1' ],
141 silly audit   '@webassemblyjs/helper-buffer': [ '1.11.1' ],
141 silly audit   '@webassemblyjs/helper-numbers': [ '1.11.1' ],
141 silly audit   '@webassemblyjs/helper-wasm-bytecode': [ '1.11.1' ],
141 silly audit   '@webassemblyjs/helper-wasm-section': [ '1.11.1' ],
141 silly audit   '@webassemblyjs/ieee754': [ '1.11.1' ],
141 silly audit   '@webassemblyjs/leb128': [ '1.11.1' ],
141 silly audit   '@webassemblyjs/utf8': [ '1.11.1' ],
141 silly audit   '@webassemblyjs/wasm-edit': [ '1.11.1' ],
141 silly audit   '@webassemblyjs/wasm-gen': [ '1.11.1' ],
141 silly audit   '@webassemblyjs/wasm-opt': [ '1.11.1' ],
141 silly audit   '@webassemblyjs/wasm-parser': [ '1.11.1' ],
141 silly audit   '@webassemblyjs/wast-printer': [ '1.11.1' ],
141 silly audit   '@xtuc/ieee754': [ '1.2.0' ],
141 silly audit   '@xtuc/long': [ '4.2.2' ],
141 silly audit   abab: [ '2.0.5' ],
141 silly audit   accepts: [ '1.3.7' ],
141 silly audit   acorn: [ '8.7.0', '7.4.1' ],
141 silly audit   'acorn-globals': [ '6.0.0' ],
141 silly audit   'acorn-import-assertions': [ '1.8.0' ],
141 silly audit   'acorn-jsx': [ '5.3.2' ],
141 silly audit   'acorn-node': [ '1.8.2' ],
141 silly audit   'acorn-walk': [ '7.2.0' ],
141 silly audit   address: [ '1.1.2' ],
141 silly audit   'adjust-sourcemap-loader': [ '4.0.0' ],
141 silly audit   'agent-base': [ '6.0.2' ],
141 silly audit   'aggregate-error': [ '3.1.0' ],
141 silly audit   ajv: [ '6.12.6', '8.9.0' ],
141 silly audit   'ajv-formats': [ '2.1.1' ],
141 silly audit   'json-schema-traverse': [ '1.0.0', '0.4.1' ],
141 silly audit   'ajv-keywords': [ '3.5.2', '5.1.0' ],
141 silly audit   'ansi-escapes': [ '4.3.2' ],
141 silly audit   'ansi-html-community': [ '0.0.8' ],
141 silly audit   'ansi-regex': [ '5.0.1', '6.0.1' ],
141 silly audit   anymatch: [ '3.1.2' ],
141 silly audit   arg: [ '5.0.1' ],
141 silly audit   'array-flatten': [ '2.1.2', '1.1.1' ],
141 silly audit   'array-includes': [ '3.1.4' ],
141 silly audit   'array-union': [ '2.1.0' ],
141 silly audit   'array.prototype.flat': [ '1.2.5' ],
141 silly audit   'array.prototype.flatmap': [ '1.2.5' ],
141 silly audit   asap: [ '2.0.6' ],
141 silly audit   'ast-types-flow': [ '0.0.7' ],
141 silly audit   async: [ '2.6.3', '0.9.2' ],
141 silly audit   asynckit: [ '0.4.0' ],
141 silly audit   'at-least-node': [ '1.0.0' ],
141 silly audit   atob: [ '2.1.2' ],
141 silly audit   autoprefixer: [ '10.4.2' ],
141 silly audit   'axe-core': [ '4.3.5' ],
141 silly audit   'axobject-query': [ '2.2.0' ],
141 silly audit   'babel-jest': [ '27.4.6' ],
141 silly audit   'babel-loader': [ '8.2.3' ],
141 silly audit   json5: [ '1.0.1', '2.2.0' ],
141 silly audit   'loader-utils': [ '1.4.0', '2.0.2', '3.2.0' ],
141 silly audit   'schema-utils': [ '2.7.1', '4.0.0', '2.7.0', '3.1.1' ],
141 silly audit   'babel-plugin-dynamic-import-node': [ '2.3.3' ],
141 silly audit   'babel-plugin-istanbul': [ '6.1.1' ],
141 silly audit   'babel-plugin-jest-hoist': [ '27.4.0' ],
141 silly audit   'babel-plugin-macros': [ '3.1.0' ],
141 silly audit   'babel-plugin-named-asset-import': [ '0.3.8' ],
141 silly audit   'babel-plugin-polyfill-corejs2': [ '0.3.1' ],
141 silly audit   'babel-plugin-polyfill-corejs3': [ '0.5.1' ],
141 silly audit   'babel-plugin-polyfill-regenerator': [ '0.3.1' ],
141 silly audit   'babel-plugin-transform-react-remove-prop-types': [ '0.4.24' ],
141 silly audit   'babel-preset-current-node-syntax': [ '1.0.1' ],
141 silly audit   'babel-preset-jest': [ '27.4.0' ],
141 silly audit   'babel-preset-react-app': [ '10.0.1' ],
141 silly audit   'balanced-match': [ '1.0.2' ],
141 silly audit   batch: [ '0.6.1' ],
141 silly audit   bfj: [ '7.0.2' ],
141 silly audit   'big.js': [ '5.2.2' ],
141 silly audit   'binary-extensions': [ '2.2.0' ],
141 silly audit   bluebird: [ '3.7.2' ],
141 silly audit   'body-parser': [ '1.19.1' ],
141 silly audit   bytes: [ '3.1.1', '3.0.0' ],
141 silly audit   debug: [ '2.6.9', '4.3.3', '3.2.7' ],
141 silly audit   'iconv-lite': [ '0.4.24', '0.6.3' ],
141 silly audit   ms: [ '2.0.0', '2.1.2', '2.1.3' ],
141 silly audit   bonjour: [ '3.5.0' ],
141 silly audit   boolbase: [ '1.0.0' ],
141 silly audit   'brace-expansion': [ '1.1.11' ],
141 silly audit   braces: [ '3.0.2' ],
141 silly audit   'browser-process-hrtime': [ '1.0.0' ],
141 silly audit   browserslist: [ '4.19.1' ],
141 silly audit   bser: [ '2.1.1' ],
141 silly audit   'buffer-from': [ '1.1.2' ],
141 silly audit   'buffer-indexof': [ '1.1.1' ],
141 silly audit   'builtin-modules': [ '3.2.0' ],
141 silly audit   'call-bind': [ '1.0.2' ],
141 silly audit   callsites: [ '3.1.0' ],
141 silly audit   'camel-case': [ '4.1.2' ],
141 silly audit   'camelcase-css': [ '2.0.1' ],
141 silly audit   'caniuse-api': [ '3.0.0' ],
141 silly audit   'caniuse-lite': [ '1.0.30001303' ],
141 silly audit   'case-sensitive-paths-webpack-plugin': [ '2.4.0' ],
141 silly audit   'char-regex': [ '1.0.2', '2.0.0' ],
141 silly audit   'check-types': [ '11.1.2' ],
141 silly audit   chokidar: [ '3.5.3' ],
141 silly audit   'glob-parent': [ '5.1.2', '6.0.2' ],
141 silly audit   'chrome-trace-event': [ '1.0.3' ],
141 silly audit   'ci-info': [ '3.3.0' ],
141 silly audit   'cjs-module-lexer': [ '1.2.2' ],
141 silly audit   'clean-css': [ '5.2.4' ],
141 silly audit   'clean-stack': [ '2.2.0' ],
141 silly audit   cliui: [ '7.0.4' ],
141 silly audit   co: [ '4.6.0' ],
141 silly audit   coa: [ '2.0.2' ],
141 silly audit   'collect-v8-coverage': [ '1.0.1' ],
141 silly audit   colord: [ '2.9.2' ],
141 silly audit   colorette: [ '2.0.16' ],
141 silly audit   'combined-stream': [ '1.0.8' ],
141 silly audit   commander: [ '8.3.0', '7.2.0', '2.20.3' ],
141 silly audit   'common-path-prefix': [ '3.0.0' ],
141 silly audit   'common-tags': [ '1.8.2' ],
141 silly audit   commondir: [ '1.0.1' ],
141 silly audit   compressible: [ '2.0.18' ],
141 silly audit   compression: [ '1.7.4' ],
141 silly audit   'concat-map': [ '0.0.1' ],
141 silly audit   'confusing-browser-globals': [ '1.0.11' ],
141 silly audit   'connect-history-api-fallback': [ '1.6.0' ],
141 silly audit   'content-disposition': [ '0.5.4' ],
141 silly audit   'safe-buffer': [ '5.2.1', '5.1.2' ],
141 silly audit   'content-type': [ '1.0.4' ],
141 silly audit   'convert-source-map': [ '1.8.0' ],
141 silly audit   cookie: [ '0.4.1' ],
141 silly audit   'cookie-signature': [ '1.0.6' ],
141 silly audit   'core-js': [ '3.20.3' ],
141 silly audit   'core-js-compat': [ '3.20.3' ],
141 silly audit   'core-js-pure': [ '3.20.3' ],
141 silly audit   'core-util-is': [ '1.0.3' ],
141 silly audit   cosmiconfig: [ '7.0.1', '6.0.0' ],
141 silly audit   'cross-spawn': [ '7.0.3' ],
141 silly audit   'crypto-random-string': [ '2.0.0' ],
141 silly audit   css: [ '3.0.0' ],
141 silly audit   'css-blank-pseudo': [ '3.0.2' ],
141 silly audit   'css-declaration-sorter': [ '6.1.4' ],
141 silly audit   'css-has-pseudo': [ '3.0.3' ],
141 silly audit   'css-loader': [ '6.5.1' ],
141 silly audit   'css-minimizer-webpack-plugin': [ '3.4.1' ],
141 silly audit   'css-prefers-color-scheme': [ '6.0.2' ],
141 silly audit   'css-select': [ '4.2.1', '2.1.0' ],
141 silly audit   'css-select-base-adapter': [ '0.1.1' ],
141 silly audit   'css-tree': [ '1.0.0-alpha.37', '1.1.3' ],
141 silly audit   'css-what': [ '5.1.0', '3.4.2' ],
141 silly audit   'css.escape': [ '1.5.1' ],
141 silly audit   cssdb: [ '5.1.0' ],
141 silly audit   cssesc: [ '3.0.0' ],
141 silly audit   cssnano: [ '5.0.16' ],
141 silly audit   'cssnano-preset-default': [ '5.1.11' ],
141 silly audit   'cssnano-utils': [ '3.0.1' ],
141 silly audit   csso: [ '4.2.0' ],
141 silly audit   'mdn-data': [ '2.0.14', '2.0.4' ],
141 silly audit   cssom: [ '0.4.4', '0.3.8' ],
141 silly audit   cssstyle: [ '2.3.0' ],
141 silly audit   'damerau-levenshtein': [ '1.0.8' ],
141 silly audit   'data-urls': [ '2.0.0' ],
141 silly audit   'decimal.js': [ '10.3.1' ],
141 silly audit   'decode-uri-component': [ '0.2.0' ],
141 silly audit   dedent: [ '0.7.0' ],
141 silly audit   'deep-equal': [ '1.1.1' ],
141 silly audit   'deep-is': [ '0.1.4' ],
141 silly audit   deepmerge: [ '4.2.2' ],
141 silly audit   'default-gateway': [ '6.0.3' ],
141 silly audit   'define-lazy-prop': [ '2.0.0' ],
141 silly audit   'define-properties': [ '1.1.3' ],
141 silly audit   defined: [ '1.0.0' ],
141 silly audit   del: [ '6.0.0' ],
141 silly audit   'delayed-stream': [ '1.0.0' ],
141 silly audit   depd: [ '1.1.2' ],
141 silly audit   destroy: [ '1.0.4' ],
141 silly audit   'detect-newline': [ '3.1.0' ],
141 silly audit   'detect-node': [ '2.1.0' ],
141 silly audit   'detect-port-alt': [ '1.1.6' ],
141 silly audit   detective: [ '5.2.0' ],
141 silly audit   didyoumean: [ '1.2.2' ],
141 silly audit   'diff-sequences': [ '27.4.0' ],
141 silly audit   'dir-glob': [ '3.0.1' ],
141 silly audit   dlv: [ '1.1.3' ],
141 silly audit   'dns-equal': [ '1.0.0' ],
141 silly audit   'dns-packet': [ '1.3.4' ],
141 silly audit   'dns-txt': [ '2.0.2' ],
141 silly audit   doctrine: [ '3.0.0', '2.1.0' ],
141 silly audit   'dom-accessibility-api': [ '0.5.11' ],
141 silly audit   'dom-converter': [ '0.2.0' ],
141 silly audit   'dom-serializer': [ '1.3.2', '0.2.2' ],
141 silly audit   domelementtype: [ '2.2.0', '1.3.1' ],
141 silly audit   domexception: [ '2.0.1' ],
141 silly audit   'webidl-conversions': [ '5.0.0', '6.1.0', '4.0.2' ],
141 silly audit   domhandler: [ '4.3.0' ],
141 silly audit   domutils: [ '2.8.0', '1.7.0' ],
141 silly audit   'dot-case': [ '3.0.4' ],
141 silly audit   dotenv: [ '10.0.0' ],
141 silly audit   'dotenv-expand': [ '5.1.0' ],
141 silly audit   duplexer: [ '0.1.2' ],
141 silly audit   'ee-first': [ '1.1.1' ],
141 silly audit   ejs: [ '3.1.6' ],
141 silly audit   'electron-to-chromium': [ '1.4.57' ],
141 silly audit   emittery: [ '0.8.1' ],
141 silly audit   'emoji-regex': [ '9.2.2', '8.0.0' ],
141 silly audit   'emojis-list': [ '3.0.0' ],
141 silly audit   encodeurl: [ '1.0.2' ],
141 silly audit   'enhanced-resolve': [ '5.8.3' ],
141 silly audit   entities: [ '2.2.0' ],
141 silly audit   'error-ex': [ '1.3.2' ],
141 silly audit   'error-stack-parser': [ '2.0.6' ],
141 silly audit   'es-abstract': [ '1.19.1' ],
141 silly audit   'es-module-lexer': [ '0.9.3' ],
141 silly audit   'es-to-primitive': [ '1.2.1' ],
141 silly audit   escalade: [ '3.1.1' ],
141 silly audit   'escape-html': [ '1.0.3' ],
141 silly audit   'escape-string-regexp': [ '1.0.5', '4.0.0', '2.0.0' ],
141 silly audit   escodegen: [ '2.0.0' ],
141 silly audit   levn: [ '0.3.0', '0.4.1' ],
141 silly audit   optionator: [ '0.8.3', '0.9.1' ],
141 silly audit   'prelude-ls': [ '1.1.2', '1.2.1' ],
141 silly audit   'type-check': [ '0.3.2', '0.4.0' ],
141 silly audit   eslint: [ '8.8.0' ],
141 silly audit   'eslint-config-react-app': [ '7.0.0' ],
141 silly audit   'eslint-import-resolver-node': [ '0.3.6' ],
141 silly audit   'eslint-module-utils': [ '2.7.3' ],
141 silly audit   'p-try': [ '1.0.0', '2.2.0' ],
141 silly audit   'path-exists': [ '3.0.0', '4.0.0' ],
141 silly audit   'eslint-plugin-flowtype': [ '8.0.3' ],
141 silly audit   'eslint-plugin-import': [ '2.25.4' ],
141 silly audit   'eslint-plugin-jest': [ '25.7.0' ],
141 silly audit   'eslint-plugin-jsx-a11y': [ '6.5.1' ],
141 silly audit   'eslint-plugin-react': [ '7.28.0' ],
141 silly audit   'eslint-plugin-react-hooks': [ '4.3.0' ],
141 silly audit   resolve: [ '2.0.0-next.3', '1.22.0' ],
141 silly audit   'eslint-plugin-testing-library': [ '5.0.4' ],
141 silly audit   'eslint-utils': [ '3.0.0' ],
141 silly audit   'eslint-webpack-plugin': [ '3.1.1' ],
141 silly audit   espree: [ '9.3.0' ],
141 silly audit   esprima: [ '4.0.1' ],
141 silly audit   esquery: [ '1.4.0' ],
141 silly audit   esrecurse: [ '4.3.0' ],
141 silly audit   'estree-walker': [ '1.0.1' ],
141 silly audit   esutils: [ '2.0.3' ],
141 silly audit   etag: [ '1.8.1' ],
141 silly audit   eventemitter3: [ '4.0.7' ],
141 silly audit   events: [ '3.3.0' ],
141 silly audit   execa: [ '5.1.1' ],
141 silly audit   exit: [ '0.1.2' ],
141 silly audit   expect: [ '27.4.6' ],
141 silly audit   express: [ '4.17.2' ],
141 silly audit   'fast-deep-equal': [ '3.1.3' ],
141 silly audit   'fast-glob': [ '3.2.11' ],
141 silly audit   'fast-json-stable-stringify': [ '2.1.0' ],
141 silly audit   'fast-levenshtein': [ '2.0.6' ],
141 silly audit   fastq: [ '1.13.0' ],
141 silly audit   'faye-websocket': [ '0.11.4' ],
141 silly audit   'fb-watchman': [ '2.0.1' ],
141 silly audit   'file-entry-cache': [ '6.0.1' ],
141 silly audit   'file-loader': [ '6.2.0' ],
141 silly audit   filelist: [ '1.0.2' ],
141 silly audit   filesize: [ '8.0.7' ],
141 silly audit   'fill-range': [ '7.0.1' ],
141 silly audit   finalhandler: [ '1.1.2' ],
141 silly audit   'find-cache-dir': [ '3.3.2' ],
141 silly audit   'flat-cache': [ '3.0.4' ],
141 silly audit   flatted: [ '3.2.5' ],
141 silly audit   'follow-redirects': [ '1.14.7' ],
141 silly audit   'fork-ts-checker-webpack-plugin': [ '6.5.0' ],
141 silly audit   'fs-extra': [ '9.1.0', '10.0.0' ],
141 silly audit   tapable: [ '1.1.3', '2.2.1' ],
141 silly audit   'form-data': [ '3.0.1' ],
141 silly audit   forwarded: [ '0.2.0' ],
141 silly audit   'fraction.js': [ '4.1.2' ],
141 silly audit   fresh: [ '0.5.2' ],
141 silly audit   'fs-monkey': [ '1.0.3' ],
141 silly audit   'fs.realpath': [ '1.0.0' ],
141 silly audit   fsevents: [ '2.3.2' ],
141 silly audit   'function-bind': [ '1.1.1' ],
141 silly audit   'functional-red-black-tree': [ '1.0.1' ],
141 silly audit   gensync: [ '1.0.0-beta.2' ],
141 silly audit   'get-caller-file': [ '2.0.5' ],
141 silly audit   'get-intrinsic': [ '1.1.1' ],
141 silly audit   'get-own-enumerable-property-symbols': [ '3.0.2' ],
141 silly audit   'get-package-type': [ '0.1.0' ],
141 silly audit   'get-stream': [ '6.0.1' ],
141 silly audit   'get-symbol-description': [ '1.0.0' ],
141 silly audit   glob: [ '7.2.0' ],
141 silly audit   'glob-to-regexp': [ '0.4.1' ],
141 silly audit   'global-modules': [ '2.0.0' ],
141 silly audit   'global-prefix': [ '3.0.0' ],
141 silly audit   which: [ '1.3.1', '2.0.2' ],
141 silly audit   globby: [ '11.1.0' ],
141 silly audit   'graceful-fs': [ '4.2.9' ],
141 silly audit   'gzip-size': [ '6.0.0' ],
141 silly audit   'handle-thing': [ '2.0.1' ],
141 silly audit   'harmony-reflect': [ '1.6.2' ],
141 silly audit   has: [ '1.0.3' ],
141 silly audit   'has-bigints': [ '1.0.1' ],
141 silly audit   'has-symbols': [ '1.0.2' ],
141 silly audit   'has-tostringtag': [ '1.0.0' ],
141 silly audit   he: [ '1.2.0' ],
141 silly audit   history: [ '5.2.0' ],
141 silly audit   hoopy: [ '0.1.4' ],
141 silly audit   'hpack.js': [ '2.1.6' ],
141 silly audit   'readable-stream': [ '2.3.7', '3.6.0' ],
141 silly audit   string_decoder: [ '1.1.1', '1.3.0' ],
141 silly audit   'html-encoding-sniffer': [ '2.0.1' ],
141 silly audit   'html-entities': [ '2.3.2' ],
141 silly audit   'html-escaper': [ '2.0.2' ],
141 silly audit   'html-minifier-terser': [ '6.1.0' ],
141 silly audit   'html-webpack-plugin': [ '5.5.0' ],
141 silly audit   htmlparser2: [ '6.1.0' ],
141 silly audit   'http-deceiver': [ '1.2.7' ],
141 silly audit   'http-errors': [ '1.8.1', '1.6.3' ],
141 silly audit   'http-parser-js': [ '0.5.5' ],
141 silly audit   'http-proxy': [ '1.18.1' ],
141 silly audit   'http-proxy-agent': [ '4.0.1' ],
141 silly audit   'http-proxy-middleware': [ '2.0.2' ],
141 silly audit   'https-proxy-agent': [ '5.0.0' ],
141 silly audit   'human-signals': [ '2.1.0' ],
141 silly audit   'icss-utils': [ '5.1.0' ],
141 silly audit   idb: [ '6.1.5' ],
141 silly audit   'identity-obj-proxy': [ '3.0.0' ],
141 silly audit   immer: [ '9.0.12' ],
141 silly audit   'import-fresh': [ '3.3.0' ],
141 silly audit   'resolve-from': [ '4.0.0', '5.0.0' ],
141 silly audit   'import-local': [ '3.1.0' ],
141 silly audit   imurmurhash: [ '0.1.4' ],
141 silly audit   'indent-string': [ '4.0.0' ],
141 silly audit   inflight: [ '1.0.6' ],
141 silly audit   inherits: [ '2.0.4', '2.0.3' ],
141 silly audit   ini: [ '1.3.8' ],
141 silly audit   'internal-slot': [ '1.0.3' ],
141 silly audit   ip: [ '1.1.5' ],
141 silly audit   'ipaddr.js': [ '2.0.1', '1.9.1' ],
141 silly audit   'is-arguments': [ '1.1.1' ],
141 silly audit   'is-arrayish': [ '0.2.1' ],
141 silly audit   'is-bigint': [ '1.0.4' ],
141 silly audit   'is-binary-path': [ '2.1.0' ],
141 silly audit   'is-boolean-object': [ '1.1.2' ],
141 silly audit   'is-callable': [ '1.2.4' ],
141 silly audit   'is-core-module': [ '2.8.1' ],
141 silly audit   'is-date-object': [ '1.0.5' ],
141 silly audit   'is-docker': [ '2.2.1' ],
141 silly audit   'is-extglob': [ '2.1.1' ],
141 silly audit   'is-fullwidth-code-point': [ '3.0.0' ],
141 silly audit   'is-generator-fn': [ '2.1.0' ],
141 silly audit   'is-glob': [ '4.0.3' ],
141 silly audit   'is-module': [ '1.0.0' ],
141 silly audit   'is-negative-zero': [ '2.0.2' ],
141 silly audit   'is-number': [ '7.0.0' ],
141 silly audit   'is-number-object': [ '1.0.6' ],
141 silly audit   'is-obj': [ '1.0.1' ],
141 silly audit   'is-path-cwd': [ '2.2.0' ],
141 silly audit   'is-path-inside': [ '3.0.3' ],
141 silly audit   'is-plain-obj': [ '3.0.0' ],
141 silly audit   'is-potential-custom-element-name': [ '1.0.1' ],
141 silly audit   'is-regex': [ '1.1.4' ],
141 silly audit   'is-regexp': [ '1.0.0' ],
141 silly audit   'is-root': [ '2.1.0' ],
141 silly audit   'is-shared-array-buffer': [ '1.0.1' ],
141 silly audit   'is-stream': [ '2.0.1' ],
141 silly audit   'is-string': [ '1.0.7' ],
141 silly audit   'is-symbol': [ '1.0.4' ],
141 silly audit   'is-typedarray': [ '1.0.0' ],
141 silly audit   'is-weakref': [ '1.0.2' ],
141 silly audit   'is-wsl': [ '2.2.0' ],
141 silly audit   isarray: [ '1.0.0' ],
141 silly audit   isexe: [ '2.0.0' ],
141 silly audit   'istanbul-lib-coverage': [ '3.2.0' ],
141 silly audit   'istanbul-lib-instrument': [ '5.1.0' ],
141 silly audit   'istanbul-lib-report': [ '3.0.0' ],
141 silly audit   'istanbul-lib-source-maps': [ '4.0.1' ],
141 silly audit   'istanbul-reports': [ '3.1.3' ],
141 silly audit   jake: [ '10.8.2' ],
141 silly audit   jest: [ '27.4.7' ],
141 silly audit   'jest-changed-files': [ '27.4.2' ],
141 silly audit   'jest-circus': [ '27.4.6' ],
141 silly audit   'jest-cli': [ '27.4.7' ],
141 silly audit   'jest-config': [ '27.4.7' ],
141 silly audit   'jest-diff': [ '27.4.6' ],
141 silly audit   'jest-docblock': [ '27.4.0' ],
141 silly audit   'jest-each': [ '27.4.6' ],
141 silly audit   'jest-environment-jsdom': [ '27.4.6' ],
141 silly audit   'jest-environment-node': [ '27.4.6' ],
141 silly audit   'jest-get-type': [ '27.4.0' ],
141 silly audit   'jest-haste-map': [ '27.4.6' ],
141 silly audit   'jest-jasmine2': [ '27.4.6' ],
141 silly audit   'jest-leak-detector': [ '27.4.6' ],
141 silly audit   'jest-matcher-utils': [ '27.4.6' ],
141 silly audit   'jest-message-util': [ '27.4.6' ],
141 silly audit   'jest-mock': [ '27.4.6' ],
141 silly audit   'jest-pnp-resolver': [ '1.2.2' ],
141 silly audit   'jest-regex-util': [ '27.4.0' ],
141 silly audit   'jest-resolve': [ '27.4.6' ],
141 silly audit   'jest-resolve-dependencies': [ '27.4.6' ],
141 silly audit   'jest-runner': [ '27.4.6' ],
141 silly audit   'jest-runtime': [ '27.4.6' ],
141 silly audit   'jest-serializer': [ '27.4.0' ],
141 silly audit   'jest-snapshot': [ '27.4.6' ],
141 silly audit   'jest-util': [ '27.4.2' ],
141 silly audit   'jest-validate': [ '27.4.6' ],
141 silly audit   'jest-watch-typeahead': [ '1.0.0' ],
141 silly audit   slash: [ '4.0.0', '3.0.0' ],
141 silly audit   'string-length': [ '5.0.1', '4.0.2' ],
141 silly audit   'strip-ansi': [ '7.0.1', '6.0.1' ],
141 silly audit   'jest-watcher': [ '27.4.6' ],
141 silly audit   'jest-worker': [ '27.4.6', '26.6.2' ],
141 silly audit   'js-tokens': [ '4.0.0' ],
141 silly audit   jsdom: [ '16.7.0' ],
141 silly audit   jsesc: [ '2.5.2', '0.5.0' ],
141 silly audit   'json-parse-better-errors': [ '1.0.2' ],
141 silly audit   'json-parse-even-better-errors': [ '2.3.1' ],
141 silly audit   'json-schema': [ '0.4.0' ],
141 silly audit   'json-stable-stringify-without-jsonify': [ '1.0.1' ],
141 silly audit   jsonfile: [ '6.1.0' ],
141 silly audit   jsonpointer: [ '5.0.0' ],
141 silly audit   'jsx-ast-utils': [ '3.2.1' ],
141 silly audit   'kind-of': [ '6.0.3' ],
141 silly audit   kleur: [ '3.0.3' ],
141 silly audit   klona: [ '2.0.5' ],
141 silly audit   'language-subtag-registry': [ '0.3.21' ],
141 silly audit   'language-tags': [ '1.0.5' ],
141 silly audit   leven: [ '3.1.0' ],
141 silly audit   lilconfig: [ '2.0.4' ],
141 silly audit   'lines-and-columns': [ '1.2.4' ],
141 silly audit   'loader-runner': [ '4.2.0' ],
141 silly audit   lodash: [ '4.17.21' ],
141 silly audit   'lodash.debounce': [ '4.0.8' ],
141 silly audit   'lodash.memoize': [ '4.1.2' ],
141 silly audit   'lodash.merge': [ '4.6.2' ],
141 silly audit   'lodash.sortby': [ '4.7.0' ],
141 silly audit   'lodash.uniq': [ '4.5.0' ],
141 silly audit   'loose-envify': [ '1.4.0' ],
141 silly audit   'lower-case': [ '2.0.2' ],
141 silly audit   'lru-cache': [ '6.0.0' ],
141 silly audit   'lz-string': [ '1.4.4' ],
141 silly audit   'magic-string': [ '0.25.7' ],
141 silly audit   'make-dir': [ '3.1.0' ],
141 silly audit   makeerror: [ '1.0.12' ],
141 silly audit   'media-typer': [ '0.3.0' ],
141 silly audit   memfs: [ '3.4.1' ],
141 silly audit   'merge-descriptors': [ '1.0.1' ],
141 silly audit   'merge-stream': [ '2.0.0' ],
141 silly audit   merge2: [ '1.4.1' ],
141 silly audit   methods: [ '1.1.2' ],
141 silly audit   micromatch: [ '4.0.4' ],
141 silly audit   mime: [ '1.6.0' ],
141 silly audit   'mime-db': [ '1.51.0' ],
141 silly audit   'mime-types': [ '2.1.34' ],
141 silly audit   'mimic-fn': [ '2.1.0' ],
141 silly audit   'min-indent': [ '1.0.1' ],
141 silly audit   'mini-css-extract-plugin': [ '2.5.3' ],
141 silly audit   'minimalistic-assert': [ '1.0.1' ],
141 silly audit   minimatch: [ '3.0.4' ],
141 silly audit   minimist: [ '1.2.5' ],
141 silly audit   mkdirp: [ '0.5.5' ],
141 silly audit   'multicast-dns': [ '6.2.3' ],
141 silly audit   'multicast-dns-service-types': [ '1.1.0' ],
141 silly audit   nanoid: [ '3.2.0' ],
141 silly audit   'natural-compare': [ '1.4.0' ],
141 silly audit   negotiator: [ '0.6.2' ],
141 silly audit   'neo-async': [ '2.6.2' ],
141 silly audit   'no-case': [ '3.0.4' ],
141 silly audit   'node-forge': [ '1.2.1' ],
141 silly audit   'node-int64': [ '0.4.0' ],
141 silly audit   'node-releases': [ '2.0.1' ],
141 silly audit   'normalize-path': [ '3.0.0' ],
141 silly audit   'normalize-range': [ '0.1.2' ],
141 silly audit   'normalize-url': [ '6.1.0' ],
141 silly audit   'npm-run-path': [ '4.0.1' ],
141 silly audit   'nth-check': [ '2.0.1', '1.0.2' ],
141 silly audit   nwsapi: [ '2.2.0' ],
141 silly audit   'object-assign': [ '4.1.1' ],
141 silly audit   'object-hash': [ '2.2.0' ],
141 silly audit   'object-inspect': [ '1.12.0' ],
141 silly audit   'object-is': [ '1.1.5' ],
141 silly audit   'object-keys': [ '1.1.1' ],
141 silly audit   'object.assign': [ '4.1.2' ],
141 silly audit   'object.entries': [ '1.1.5' ],
141 silly audit   'object.fromentries': [ '2.0.5' ],
141 silly audit   'object.getownpropertydescriptors': [ '2.1.3' ],
141 silly audit   'object.hasown': [ '1.1.0' ],
141 silly audit   'object.values': [ '1.1.5' ],
141 silly audit   obuf: [ '1.1.2' ],
141 silly audit   'on-finished': [ '2.3.0' ],
141 silly audit   'on-headers': [ '1.0.2' ],
141 silly audit   once: [ '1.4.0' ],
141 silly audit   onetime: [ '5.1.2' ],
141 silly audit   open: [ '8.4.0' ],
141 silly audit   'p-map': [ '4.0.0' ],
141 silly audit   'p-retry': [ '4.6.1' ],
141 silly audit   'param-case': [ '3.0.4' ],
141 silly audit   'parent-module': [ '1.0.1' ],
141 silly audit   'parse-json': [ '5.2.0' ],
141 silly audit   parse5: [ '6.0.1' ],
141 silly audit   parseurl: [ '1.3.3' ],
141 silly audit   'pascal-case': [ '3.1.2' ],
141 silly audit   'path-is-absolute': [ '1.0.1' ],
141 silly audit   'path-key': [ '3.1.1' ],
141 silly audit   'path-parse': [ '1.0.7' ],
141 silly audit   'path-to-regexp': [ '0.1.7' ],
141 silly audit   'path-type': [ '4.0.0' ],
141 silly audit   'performance-now': [ '2.1.0' ],
141 silly audit   picocolors: [ '1.0.0', '0.2.1' ],
141 silly audit   picomatch: [ '2.3.1' ],
141 silly audit   pirates: [ '4.0.5' ],
141 silly audit   'pkg-dir': [ '4.2.0' ],
141 silly audit   'pkg-up': [ '3.1.0' ],
141 silly audit   portfinder: [ '1.0.28' ],
141 silly audit   postcss: [ '8.4.5', '7.0.39' ],
141 silly audit   'postcss-attribute-case-insensitive': [ '5.0.0' ],
141 silly audit   'postcss-browser-comments': [ '4.0.0' ],
141 silly audit   'postcss-calc': [ '8.2.3' ],
141 silly audit   'postcss-color-functional-notation': [ '4.2.1' ],
141 silly audit   'postcss-color-hex-alpha': [ '8.0.2' ],
141 silly audit   'postcss-color-rebeccapurple': [ '7.0.2' ],
141 silly audit   'postcss-colormin': [ '5.2.4' ],
141 silly audit   'postcss-convert-values': [ '5.0.3' ],
141 silly audit   'postcss-custom-media': [ '8.0.0' ],
141 silly audit   'postcss-custom-properties': [ '12.1.3' ],
141 silly audit   'postcss-custom-selectors': [ '6.0.0' ],
141 silly audit   'postcss-dir-pseudo-class': [ '6.0.3' ],
141 silly audit   'postcss-discard-comments': [ '5.0.2' ],
141 silly audit   'postcss-discard-duplicates': [ '5.0.2' ],
141 silly audit   'postcss-discard-empty': [ '5.0.2' ],
141 silly audit   'postcss-discard-overridden': [ '5.0.3' ],
141 silly audit   'postcss-double-position-gradients': [ '3.0.4' ],
141 silly audit   'postcss-env-function': [ '4.0.4' ],
141 silly audit   'postcss-flexbugs-fixes': [ '5.0.2' ],
141 silly audit   'postcss-focus-visible': [ '6.0.3' ],
141 silly audit   'postcss-focus-within': [ '5.0.3' ],
141 silly audit   'postcss-font-variant': [ '5.0.0' ],
141 silly audit   'postcss-gap-properties': [ '3.0.2' ],
141 silly audit   'postcss-image-set-function': [ '4.0.4' ],
141 silly audit   'postcss-initial': [ '4.0.1' ],
141 silly audit   'postcss-js': [ '4.0.0' ],
141 silly audit   'postcss-lab-function': [ '4.0.3' ],
141 silly audit   'postcss-load-config': [ '3.1.1' ],
141 silly audit   'postcss-loader': [ '6.2.1' ],
141 silly audit   'postcss-logical': [ '5.0.3' ],
141 silly audit   'postcss-media-minmax': [ '5.0.0' ],
141 silly audit   'postcss-merge-longhand': [ '5.0.5' ],
141 silly audit   'postcss-merge-rules': [ '5.0.5' ],
141 silly audit   'postcss-minify-font-values': [ '5.0.3' ],
141 silly audit   'postcss-minify-gradients': [ '5.0.5' ],
141 silly audit   'postcss-minify-params': [ '5.0.4' ],
141 silly audit   'postcss-minify-selectors': [ '5.1.2' ],
141 silly audit   'postcss-modules-extract-imports': [ '3.0.0' ],
141 silly audit   'postcss-modules-local-by-default': [ '4.0.0' ],
141 silly audit   'postcss-modules-scope': [ '3.0.0' ],
141 silly audit   'postcss-modules-values': [ '4.0.0' ],
141 silly audit   'postcss-nested': [ '5.0.6' ],
141 silly audit   'postcss-nesting': [ '10.1.2' ],
141 silly audit   'postcss-normalize': [ '10.0.1' ],
141 silly audit   'postcss-normalize-charset': [ '5.0.2' ],
141 silly audit   'postcss-normalize-display-values': [ '5.0.2' ],
141 silly audit   'postcss-normalize-positions': [ '5.0.3' ],
141 silly audit   'postcss-normalize-repeat-style': [ '5.0.3' ],
141 silly audit   'postcss-normalize-string': [ '5.0.3' ],
141 silly audit   'postcss-normalize-timing-functions': [ '5.0.2' ],
141 silly audit   'postcss-normalize-unicode': [ '5.0.3' ],
141 silly audit   'postcss-normalize-url': [ '5.0.4' ],
141 silly audit   'postcss-normalize-whitespace': [ '5.0.3' ],
141 silly audit   'postcss-ordered-values': [ '5.0.4' ],
141 silly audit   'postcss-overflow-shorthand': [ '3.0.2' ],
141 silly audit   'postcss-page-break': [ '3.0.4' ],
141 silly audit   'postcss-place': [ '7.0.3' ],
141 silly audit   'postcss-preset-env': [ '7.2.3' ],
141 silly audit   'postcss-pseudo-class-any-link': [ '7.0.2' ],
141 silly audit   'postcss-reduce-initial': [ '5.0.2' ],
141 silly audit   'postcss-reduce-transforms': [ '5.0.3' ],
141 silly audit   'postcss-replace-overflow-wrap': [ '4.0.0' ],
141 silly audit   'postcss-selector-not': [ '5.0.0' ],
141 silly audit   'postcss-selector-parser': [ '6.0.9' ],
141 silly audit   'postcss-svgo': [ '5.0.3' ],
141 silly audit   svgo: [ '2.8.0', '1.3.2' ],
141 silly audit   'postcss-unique-selectors': [ '5.0.3' ],
141 silly audit   'postcss-value-parser': [ '4.2.0' ],
141 silly audit   'pretty-bytes': [ '5.6.0' ],
141 silly audit   'pretty-error': [ '4.0.0' ],
141 silly audit   'pretty-format': [ '27.4.6' ],
141 silly audit   'process-nextick-args': [ '2.0.1' ],
141 silly audit   promise: [ '8.1.0' ],
141 silly audit   prompts: [ '2.4.2' ],
141 silly audit   'prop-types': [ '15.8.1' ],
141 silly audit   'react-is': [ '16.13.1', '17.0.2' ],
141 silly audit   'proxy-addr': [ '2.0.7' ],
141 silly audit   psl: [ '1.8.0' ],
141 silly audit   punycode: [ '2.1.1' ],
141 silly audit   q: [ '1.5.1' ],
141 silly audit   qs: [ '6.9.6' ],
141 silly audit   'queue-microtask': [ '1.2.3' ],
141 silly audit   'quick-lru': [ '5.1.1' ],
141 silly audit   raf: [ '3.4.1' ],
141 silly audit   randombytes: [ '2.1.0' ],
141 silly audit   'range-parser': [ '1.2.1' ],
141 silly audit   'raw-body': [ '2.4.2' ],
141 silly audit   react: [ '17.0.2' ],
141 silly audit   'react-app-polyfill': [ '3.0.0' ],
141 silly audit   'react-dev-utils': [ '12.0.0' ],
141 silly audit   'react-dom': [ '17.0.2' ],
141 silly audit   'react-error-overlay': [ '6.0.10' ],
141 silly audit   'react-refresh': [ '0.11.0' ],
141 silly audit   'react-router': [ '6.2.1' ],
141 silly audit   'react-router-dom': [ '6.2.1' ],
141 silly audit   'react-scripts': [ '5.0.0' ],
141 silly audit   readdirp: [ '3.6.0' ],
141 silly audit   'recursive-readdir': [ '2.2.2' ],
141 silly audit   redent: [ '3.0.0' ],
141 silly audit   regenerate: [ '1.4.2' ],
141 silly audit   'regenerate-unicode-properties': [ '9.0.0' ],
141 silly audit   'regenerator-runtime': [ '0.13.9' ],
141 silly audit   'regenerator-transform': [ '0.14.5' ],
141 silly audit   'regex-parser': [ '2.2.11' ],
141 silly audit   'regexp.prototype.flags': [ '1.4.1' ],
141 silly audit   regexpp: [ '3.2.0' ],
141 silly audit   'regexpu-core': [ '4.8.0' ],
141 silly audit   regjsgen: [ '0.5.2' ],
141 silly audit   regjsparser: [ '0.7.0' ],
141 silly audit   relateurl: [ '0.2.7' ],
141 silly audit   renderkid: [ '3.0.0' ],
141 silly audit   'require-directory': [ '2.1.1' ],
141 silly audit   'require-from-string': [ '2.0.2' ],
141 silly audit   'requires-port': [ '1.0.0' ],
141 silly audit   'resolve-cwd': [ '3.0.0' ],
141 silly audit   'resolve-url-loader': [ '4.0.0' ],
141 silly audit   'resolve.exports': [ '1.1.0' ],
141 silly audit   retry: [ '0.13.1' ],
141 silly audit   reusify: [ '1.0.4' ],
141 silly audit   rimraf: [ '3.0.2' ],
141 silly audit   rollup: [ '2.66.1' ],
141 silly audit   'rollup-plugin-terser': [ '7.0.2' ],
141 silly audit   'serialize-javascript': [ '4.0.0', '6.0.0' ],
141 silly audit   'run-parallel': [ '1.2.0' ],
141 silly audit   'safer-buffer': [ '2.1.2' ],
141 silly audit   'sanitize.css': [ '13.0.0' ],
141 silly audit   'sass-loader': [ '12.4.0' ],
141 silly audit   sax: [ '1.2.4' ],
141 silly audit   saxes: [ '5.0.1' ],
141 silly audit   scheduler: [ '0.20.2' ],
141 silly audit   'select-hose': [ '2.0.0' ],
141 silly audit   selfsigned: [ '2.0.0' ],
141 silly audit   send: [ '0.17.2' ],
141 silly audit   'serve-index': [ '1.9.1' ],
141 silly audit   setprototypeof: [ '1.1.0', '1.2.0' ],
141 silly audit   'serve-static': [ '1.14.2' ],
141 silly audit   'shebang-command': [ '2.0.0' ],
141 silly audit   'shebang-regex': [ '3.0.0' ],
141 silly audit   'shell-quote': [ '1.7.3' ],
141 silly audit   'side-channel': [ '1.0.4' ],
141 silly audit   'signal-exit': [ '3.0.6' ],
141 silly audit   sisteransi: [ '1.0.5' ],
141 silly audit   sockjs: [ '0.3.24' ],
141 silly audit   'source-list-map': [ '2.0.1' ],
141 silly audit   'source-map-js': [ '1.0.2' ],
141 silly audit   'source-map-loader': [ '3.0.1' ],
141 silly audit   'source-map-resolve': [ '0.6.0' ],
141 silly audit   'source-map-support': [ '0.5.21' ],
141 silly audit   'source-map-url': [ '0.4.1' ],
141 silly audit   'sourcemap-codec': [ '1.4.8' ],
141 silly audit   spdy: [ '4.0.2' ],
141 silly audit   'spdy-transport': [ '3.0.0' ],
141 silly audit   'sprintf-js': [ '1.0.3' ],
141 silly audit   stable: [ '0.1.8' ],
141 silly audit   'stack-utils': [ '2.0.5' ],
141 silly audit   stackframe: [ '1.2.0' ],
141 silly audit   statuses: [ '1.5.0' ],
141 silly audit   'string-natural-compare': [ '3.0.1' ],
141 silly audit   'string-width': [ '4.2.3' ],
141 silly audit   'string.prototype.matchall': [ '4.0.6' ],
141 silly audit   'string.prototype.trimend': [ '1.0.4' ],
141 silly audit   'string.prototype.trimstart': [ '1.0.4' ],
141 silly audit   'stringify-object': [ '3.3.0' ],
141 silly audit   'strip-bom': [ '4.0.0', '3.0.0' ],
141 silly audit   'strip-comments': [ '2.0.1' ],
141 silly audit   'strip-final-newline': [ '2.0.0' ],
141 silly audit   'strip-indent': [ '3.0.0' ],
141 silly audit   'strip-json-comments': [ '3.1.1' ],
141 silly audit   'style-loader': [ '3.3.1' ],
141 silly audit   stylehacks: [ '5.0.2' ],
141 silly audit   'supports-hyperlinks': [ '2.2.0' ],
141 silly audit   'supports-preserve-symlinks-flag': [ '1.0.0' ],
141 silly audit   'svg-parser': [ '2.0.4' ],
141 silly audit   'symbol-tree': [ '3.2.4' ],
141 silly audit   tailwindcss: [ '3.0.18' ],
141 silly audit   'temp-dir': [ '2.0.0' ],
141 silly audit   tempy: [ '0.6.0' ],
141 silly audit   'terminal-link': [ '2.1.1' ],
141 silly audit   terser: [ '5.10.0' ],
141 silly audit   'terser-webpack-plugin': [ '5.3.0' ],
141 silly audit   'test-exclude': [ '6.0.0' ],
141 silly audit   'text-table': [ '0.2.0' ],
141 silly audit   throat: [ '6.0.1' ],
141 silly audit   thunky: [ '1.1.0' ],
141 silly audit   timsort: [ '0.3.0' ],
141 silly audit   tmpl: [ '1.0.5' ],
141 silly audit   'to-fast-properties': [ '2.0.0' ],
141 silly audit   'to-regex-range': [ '5.0.1' ],
141 silly audit   toidentifier: [ '1.0.1' ],
141 silly audit   'tough-cookie': [ '4.0.0' ],
141 silly audit   universalify: [ '0.1.2', '2.0.0' ],
141 silly audit   tr46: [ '2.1.0', '1.0.1' ],
141 silly audit   tryer: [ '1.0.1' ],
141 silly audit   'tsconfig-paths': [ '3.12.0' ],
141 silly audit   tslib: [ '2.3.1', '1.14.1' ],
141 silly audit   tsutils: [ '3.21.0' ],
141 silly audit   'type-detect': [ '4.0.8' ],
141 silly audit   'type-is': [ '1.6.18' ],
141 silly audit   'typedarray-to-buffer': [ '3.1.5' ],
141 silly audit   typescript: [ '4.5.5' ],
141 silly audit   'unbox-primitive': [ '1.0.1' ],
141 silly audit   'unicode-canonical-property-names-ecmascript': [ '2.0.0' ],
141 silly audit   'unicode-match-property-ecmascript': [ '2.0.0' ],
141 silly audit   'unicode-match-property-value-ecmascript': [ '2.0.0' ],
141 silly audit   'unicode-property-aliases-ecmascript': [ '2.0.0' ],
141 silly audit   'unique-string': [ '2.0.0' ],
141 silly audit   unpipe: [ '1.0.0' ],
141 silly audit   unquote: [ '1.1.1' ],
141 silly audit   upath: [ '1.2.0' ],
141 silly audit   'uri-js': [ '4.4.1' ],
141 silly audit   'util-deprecate': [ '1.0.2' ],
141 silly audit   'util.promisify': [ '1.0.1' ],
141 silly audit   utila: [ '0.4.0' ],
141 silly audit   'utils-merge': [ '1.0.1' ],
141 silly audit   uuid: [ '8.3.2' ],
141 silly audit   'v8-compile-cache': [ '2.3.0' ],
141 silly audit   'v8-to-istanbul': [ '8.1.1' ],
141 silly audit   vary: [ '1.1.2' ],
141 silly audit   'w3c-hr-time': [ '1.0.2' ],
141 silly audit   'w3c-xmlserializer': [ '2.0.0' ],
141 silly audit   walker: [ '1.0.8' ],
141 silly audit   watchpack: [ '2.3.1' ],
141 silly audit   wbuf: [ '1.7.3' ],
141 silly audit   'web-vitals': [ '2.1.4' ],
141 silly audit   webpack: [ '5.67.0' ],
141 silly audit   'webpack-dev-middleware': [ '5.3.0' ],
141 silly audit   'webpack-dev-server': [ '4.7.3' ],
141 silly audit   ws: [ '8.4.2', '7.5.6' ],
141 silly audit   'webpack-manifest-plugin': [ '4.1.1' ],
141 silly audit   'webpack-sources': [ '2.3.1', '3.2.3', '1.4.3' ],
141 silly audit   'websocket-driver': [ '0.7.4' ],
141 silly audit   'websocket-extensions': [ '0.1.4' ],
141 silly audit   'whatwg-encoding': [ '1.0.5' ],
141 silly audit   'whatwg-fetch': [ '3.6.2' ],
141 silly audit   'whatwg-mimetype': [ '2.3.0' ],
141 silly audit   'whatwg-url': [ '8.7.0', '7.1.0' ],
141 silly audit   'which-boxed-primitive': [ '1.0.2' ],
141 silly audit   'word-wrap': [ '1.2.3' ],
141 silly audit   'workbox-background-sync': [ '6.4.2' ],
141 silly audit   'workbox-broadcast-update': [ '6.4.2' ],
141 silly audit   'workbox-build': [ '6.4.2' ],
141 silly audit   '@apideck/better-ajv-errors': [ '0.3.2' ],
141 silly audit   'workbox-cacheable-response': [ '6.4.2' ],
141 silly audit   'workbox-core': [ '6.4.2' ],
141 silly audit   'workbox-expiration': [ '6.4.2' ],
141 silly audit   'workbox-google-analytics': [ '6.4.2' ],
141 silly audit   'workbox-navigation-preload': [ '6.4.2' ],
141 silly audit   'workbox-precaching': [ '6.4.2' ],
141 silly audit   'workbox-range-requests': [ '6.4.2' ],
141 silly audit   'workbox-recipes': [ '6.4.2' ],
141 silly audit   'workbox-routing': [ '6.4.2' ],
141 silly audit   'workbox-strategies': [ '6.4.2' ],
141 silly audit   'workbox-streams': [ '6.4.2' ],
141 silly audit   'workbox-sw': [ '6.4.2' ],
141 silly audit   'workbox-webpack-plugin': [ '6.4.2' ],
141 silly audit   'workbox-window': [ '6.4.2' ],
141 silly audit   'wrap-ansi': [ '7.0.0' ],
141 silly audit   wrappy: [ '1.0.2' ],
141 silly audit   'write-file-atomic': [ '3.0.3' ],
141 silly audit   'xml-name-validator': [ '3.0.0' ],
141 silly audit   xmlchars: [ '2.2.0' ],
141 silly audit   xtend: [ '4.0.2' ],
141 silly audit   y18n: [ '5.0.8' ],
141 silly audit   yallist: [ '4.0.0' ],
141 silly audit   yaml: [ '1.10.2' ],
141 silly audit   yargs: [ '16.2.0' ],
141 silly audit   'yargs-parser': [ '20.2.9' ],
141 silly audit   'yocto-queue': [ '0.1.0' ],
141 silly audit   bootstrap: [ '5.1.3' ],
141 silly audit   '@popperjs/core': [ '2.11.2' ],
141 silly audit   'react-bootstrap': [ '2.1.1' ],
141 silly audit   '@restart/hooks': [ '0.4.5' ],
141 silly audit   '@restart/ui': [ '0.2.6' ],
141 silly audit   '@types/invariant': [ '2.2.35' ],
141 silly audit   '@types/prop-types': [ '15.7.4' ],
141 silly audit   '@types/react': [ '17.0.38' ],
141 silly audit   '@types/react-transition-group': [ '4.4.4' ],
141 silly audit   '@types/warning': [ '3.0.0' ],
141 silly audit   classnames: [ '2.3.1' ],
141 silly audit   'dom-helpers': [ '5.2.1' ],
141 silly audit   invariant: [ '2.2.4' ],
141 silly audit   'prop-types-extra': [ '1.1.1' ],
141 silly audit   'react-transition-group': [ '4.4.2' ],
141 silly audit   uncontrollable: [ '7.2.1' ],
141 silly audit   warning: [ '4.0.3' ],
141 silly audit   dequal: [ '2.0.2' ],
141 silly audit   '@react-aria/ssr': [ '3.1.0' ],
141 silly audit   '@types/scheduler': [ '0.16.2' ],
141 silly audit   csstype: [ '3.0.10' ],
141 silly audit   'react-lifecycles-compat': [ '3.0.4' ]
141 silly audit }
142 verbose reify failed optional dependency C:\Users\Mithat Kara\OneDrive\Masa端st端\app\routing-app\node_modules\fsevents
143 silly reify mark deleted [
143 silly reify   'C:\\Users\\Mithat Kara\\OneDrive\\Masa端st端\\app\\routing-app\\node_modules\\fsevents'
143 silly reify ]
144 timing reifyNode:node_modules/fsevents Completed in 5ms
145 silly tarball no local data for dequal@https://registry.npmjs.org/dequal/-/dequal-2.0.2.tgz. Extracting by manifest.
146 silly tarball no local data for @react-aria/ssr@https://registry.npmjs.org/@react-aria/ssr/-/ssr-3.1.0.tgz. Extracting by manifest.
147 silly tarball no local data for @types/scheduler@https://registry.npmjs.org/@types/scheduler/-/scheduler-0.16.2.tgz. Extracting by manifest.
148 silly tarball no local data for csstype@https://registry.npmjs.org/csstype/-/csstype-3.0.10.tgz. Extracting by manifest.
149 silly tarball no local data for prop-types-extra@https://registry.npmjs.org/prop-types-extra/-/prop-types-extra-1.1.1.tgz. Extracting by manifest.
150 silly tarball no local data for warning@https://registry.npmjs.org/warning/-/warning-4.0.3.tgz. Extracting by manifest.
151 silly tarball no local data for uncontrollable@https://registry.npmjs.org/uncontrollable/-/uncontrollable-7.2.1.tgz. Extracting by manifest.
152 silly tarball no local data for dom-helpers@https://registry.npmjs.org/dom-helpers/-/dom-helpers-5.2.1.tgz. Extracting by manifest.
153 silly tarball no local data for react-lifecycles-compat@https://registry.npmjs.org/react-lifecycles-compat/-/react-lifecycles-compat-3.0.4.tgz. Extracting by manifest.
154 silly tarball no local data for invariant@https://registry.npmjs.org/invariant/-/invariant-2.2.4.tgz. Extracting by manifest.
155 silly tarball no local data for react-transition-group@https://registry.npmjs.org/react-transition-group/-/react-transition-group-4.4.2.tgz. Extracting by manifest.
156 silly tarball no local data for classnames@https://registry.npmjs.org/classnames/-/classnames-2.3.1.tgz. Extracting by manifest.
157 silly tarball no local data for @types/prop-types@https://registry.npmjs.org/@types/prop-types/-/prop-types-15.7.4.tgz. Extracting by manifest.
158 silly tarball no local data for @types/warning@https://registry.npmjs.org/@types/warning/-/warning-3.0.0.tgz. Extracting by manifest.
159 silly tarball no local data for @types/react-transition-group@https://registry.npmjs.org/@types/react-transition-group/-/react-transition-group-4.4.4.tgz. Extracting by manifest.
160 silly tarball no local data for @types/react@https://registry.npmjs.org/@types/react/-/react-17.0.38.tgz. Extracting by manifest.
161 silly tarball no local data for @types/invariant@https://registry.npmjs.org/@types/invariant/-/invariant-2.2.35.tgz. Extracting by manifest.
162 silly tarball no local data for @restart/ui@https://registry.npmjs.org/@restart/ui/-/ui-0.2.6.tgz. Extracting by manifest.
163 silly tarball no local data for react-bootstrap@https://registry.npmjs.org/react-bootstrap/-/react-bootstrap-2.1.1.tgz. Extracting by manifest.
164 silly tarball no local data for @restart/hooks@https://registry.npmjs.org/@restart/hooks/-/hooks-0.4.5.tgz. Extracting by manifest.
165 silly tarball no local data for @popperjs/core@https://registry.npmjs.org/@popperjs/core/-/core-2.11.2.tgz. Extracting by manifest.
166 silly tarball no local data for react-is@https://registry.npmjs.org/react-is/-/react-is-16.13.1.tgz. Extracting by manifest.
167 silly tarball no local data for bootstrap@https://registry.npmjs.org/bootstrap/-/bootstrap-5.1.3.tgz. Extracting by manifest.
168 http fetch GET 200 https://registry.npmjs.org/warning/-/warning-4.0.3.tgz 184ms (cache miss)
169 timing reifyNode:node_modules/warning Completed in 209ms
170 http fetch GET 200 https://registry.npmjs.org/@types/scheduler/-/scheduler-0.16.2.tgz 200ms (cache miss)
171 timing reifyNode:node_modules/@types/scheduler Completed in 218ms
172 http fetch GET 200 https://registry.npmjs.org/dequal/-/dequal-2.0.2.tgz 213ms (cache miss)
173 http fetch GET 200 https://registry.npmjs.org/classnames/-/classnames-2.3.1.tgz 206ms (cache miss)
174 timing reifyNode:node_modules/classnames Completed in 247ms
175 http fetch GET 200 https://registry.npmjs.org/invariant/-/invariant-2.2.4.tgz 222ms (cache miss)
176 timing reifyNode:node_modules/invariant Completed in 256ms
177 http fetch GET 200 https://registry.npmjs.org/react-lifecycles-compat/-/react-lifecycles-compat-3.0.4.tgz 239ms (cache miss)
178 timing reifyNode:node_modules/react-lifecycles-compat Completed in 270ms
179 timing reifyNode:node_modules/dequal Completed in 269ms
180 http fetch GET 200 https://registry.npmjs.org/react-is/-/react-is-16.13.1.tgz 216ms (cache miss)
181 http fetch GET 200 https://registry.npmjs.org/prop-types-extra/-/prop-types-extra-1.1.1.tgz 273ms (cache miss)
182 timing reifyNode:node_modules/prop-types-extra Completed in 294ms
183 http fetch GET 200 https://registry.npmjs.org/@types/react-transition-group/-/react-transition-group-4.4.4.tgz 246ms (cache miss)
184 timing reifyNode:node_modules/@types/react-transition-group Completed in 296ms
185 timing reifyNode:node_modules/prop-types-extra/node_modules/react-is Completed in 343ms
186 http fetch GET 200 https://registry.npmjs.org/csstype/-/csstype-3.0.10.tgz 346ms (cache miss)
187 timing reifyNode:node_modules/csstype Completed in 366ms
188 http fetch GET 200 https://registry.npmjs.org/uncontrollable/-/uncontrollable-7.2.1.tgz 420ms (cache miss)
189 timing reifyNode:node_modules/uncontrollable Completed in 475ms
190 http fetch GET 200 https://registry.npmjs.org/@types/warning/-/warning-3.0.0.tgz 435ms (cache miss)
191 timing reifyNode:node_modules/@types/warning Completed in 481ms
192 http fetch GET 200 https://registry.npmjs.org/react-transition-group/-/react-transition-group-4.4.2.tgz 487ms (cache miss)
193 timing reifyNode:node_modules/react-transition-group Completed in 528ms
194 http fetch POST 200 https://registry.npmjs.org/-/npm/v1/security/advisories/bulk 831ms
195 timing auditReport:getReport Completed in 842ms
196 silly audit report {
196 silly audit report   'nth-check': [
196 silly audit report     {
196 silly audit report       id: 1004967,
196 silly audit report       url: 'https://github.com/advisories/GHSA-rp65-9cf3-cjxr',
196 silly audit report       title: 'Inefficient Regular Expression Complexity in nth-check',
196 silly audit report       severity: 'moderate',
196 silly audit report       vulnerable_versions: '<2.0.1'
196 silly audit report     }
196 silly audit report   ],
196 silly audit report   postcss: [
196 silly audit report     {
196 silly audit report       id: 1006846,
196 silly audit report       url: 'https://github.com/advisories/GHSA-566m-qj78-rww5',
196 silly audit report       title: 'Regular Expression Denial of Service in postcss',
196 silly audit report       severity: 'moderate',
196 silly audit report       vulnerable_versions: '<8.2.13'
196 silly audit report     }
196 silly audit report   ]
196 silly audit report }
197 timing metavuln:cache:get:security-advisory:nth-check:phzbT+HCVgpA1C0GvSQ+THzeiYTr85AjCi0uOiMdmcC5FQFZSg2cAxsM7WmntPfv9aYplGKdCep6sPcOzXhQDw== Completed in 13ms
198 timing metavuln:cache:get:security-advisory:postcss:GrijH2MF5xFvcGnLjcTcqSU65k1AM97Xn6KfLAvikbW4YjNf4SVNC2R4K+9gk0qtWmMa1veij2cR8KUdPKkneA== Completed in 14ms
199 http fetch GET 200 https://registry.npmjs.org/@types/prop-types/-/prop-types-15.7.4.tgz 833ms (cache miss)
200 timing reifyNode:node_modules/@types/prop-types Completed in 876ms
201 http fetch GET 200 https://registry.npmjs.org/@restart/ui/-/ui-0.2.6.tgz 836ms (cache miss)
202 timing reifyNode:node_modules/@restart/ui Completed in 895ms
203 http fetch GET 200 https://registry.npmjs.org/nth-check 93ms (cache revalidated)
204 timing metavuln:packument:nth-check Completed in 93ms
205 timing metavuln:load:security-advisory:nth-check:1004967 Completed in 1ms
206 timing metavuln:calculate:security-advisory:nth-check:1004967 Completed in 95ms
207 http fetch GET 200 https://registry.npmjs.org/@types/invariant/-/invariant-2.2.35.tgz 887ms (cache miss)
208 timing reifyNode:node_modules/@types/invariant Completed in 946ms
209 http fetch GET 200 https://registry.npmjs.org/@react-aria/ssr/-/ssr-3.1.0.tgz 991ms (cache miss)
210 timing reifyNode:node_modules/@react-aria/ssr Completed in 1024ms
211 http fetch GET 200 https://registry.npmjs.org/@types/react/-/react-17.0.38.tgz 983ms (cache miss)
212 timing reifyNode:node_modules/@types/react Completed in 1035ms
213 http fetch GET 200 https://registry.npmjs.org/@restart/hooks/-/hooks-0.4.5.tgz 982ms (cache miss)
214 timing reifyNode:node_modules/@restart/hooks Completed in 1049ms
215 http fetch GET 200 https://registry.npmjs.org/dom-helpers/-/dom-helpers-5.2.1.tgz 1086ms (cache miss)
216 timing reifyNode:node_modules/dom-helpers Completed in 1116ms
217 http fetch GET 200 https://registry.npmjs.org/@popperjs/core/-/core-2.11.2.tgz 1115ms (cache miss)
218 timing reifyNode:node_modules/@popperjs/core Completed in 1183ms
219 http fetch GET 200 https://registry.npmjs.org/bootstrap/-/bootstrap-5.1.3.tgz 1253ms (cache miss)
220 timing reifyNode:node_modules/bootstrap Completed in 1328ms
221 http fetch GET 200 https://registry.npmjs.org/react-bootstrap/-/react-bootstrap-2.1.1.tgz 1599ms (cache miss)
222 timing reifyNode:node_modules/react-bootstrap Completed in 1659ms
223 timing reify:unpack Completed in 1661ms
224 timing reify:unretire Completed in 0ms
225 timing build:queue Completed in 1ms
226 timing build:deps Completed in 3ms
227 timing build Completed in 3ms
228 timing reify:build Completed in 3ms
229 timing reify:trash Completed in 0ms
230 timing reify:save Completed in 165ms
231 http fetch GET 200 https://registry.npmjs.org/postcss 1038ms (cache revalidated)
232 timing metavuln:packument:postcss Completed in 1041ms
233 timing metavuln:load:security-advisory:postcss:1006846 Completed in 1ms
234 timing metavuln:calculate:security-advisory:postcss:1006846 Completed in 1042ms
235 timing metavuln:cache:get:security-advisory:css-select:QvKraIGpcyVxEwFP0qxpEFcY9Kx8ThCeiILkMKxPQIjEnGuEnh3anOmKy/kR5kMZzYPfqYeVltD9/X58U3TjZA== Completed in 2ms
236 http fetch GET 200 https://registry.npmjs.org/css-select 80ms (cache revalidated)
237 timing metavuln:packument:css-select Completed in 81ms
238 timing metavuln:load:security-advisory:css-select:phzbT+HCVgpA1C0GvSQ+THzeiYTr85AjCi0uOiMdmcC5FQFZSg2cAxsM7WmntPfv9aYplGKdCep6sPcOzXhQDw== Completed in 0ms
239 timing metavuln:calculate:security-advisory:css-select:phzbT+HCVgpA1C0GvSQ+THzeiYTr85AjCi0uOiMdmcC5FQFZSg2cAxsM7WmntPfv9aYplGKdCep6sPcOzXhQDw== Completed in 81ms
240 timing metavuln:cache:get:security-advisory:resolve-url-loader:vIMY8vNwzPZQlD5JYm0liPGYen1JnF8FF0nRFLpAJkBV5bbH0v/ULMe1oVFpaBoNPBz9haG5YaF2Ou/yxRS+Kg== Completed in 4ms
241 http fetch GET 200 https://registry.npmjs.org/resolve-url-loader 74ms (cache revalidated)
242 timing metavuln:packument:resolve-url-loader Completed in 75ms
243 timing metavuln:load:security-advisory:resolve-url-loader:GrijH2MF5xFvcGnLjcTcqSU65k1AM97Xn6KfLAvikbW4YjNf4SVNC2R4K+9gk0qtWmMa1veij2cR8KUdPKkneA== Completed in 0ms
244 timing metavuln:calculate:security-advisory:resolve-url-loader:GrijH2MF5xFvcGnLjcTcqSU65k1AM97Xn6KfLAvikbW4YjNf4SVNC2R4K+9gk0qtWmMa1veij2cR8KUdPKkneA== Completed in 76ms
245 timing metavuln:cache:get:security-advisory:svgo:OHZB6d+CGzzJH+SGXY8su3iJlNH1NaDqhuoKFdPTyWeAjlh6ziaxYy3xIs9UP2Db/gO8IGXhgy1CK5CKZYcXwQ== Completed in 1ms
246 http fetch GET 200 https://registry.npmjs.org/svgo 82ms (cache revalidated)
247 timing metavuln:packument:svgo Completed in 83ms
248 timing metavuln:load:security-advisory:svgo:QvKraIGpcyVxEwFP0qxpEFcY9Kx8ThCeiILkMKxPQIjEnGuEnh3anOmKy/kR5kMZzYPfqYeVltD9/X58U3TjZA== Completed in 1ms
249 timing metavuln:calculate:security-advisory:svgo:QvKraIGpcyVxEwFP0qxpEFcY9Kx8ThCeiILkMKxPQIjEnGuEnh3anOmKy/kR5kMZzYPfqYeVltD9/X58U3TjZA== Completed in 84ms
250 timing metavuln:cache:get:security-advisory:react-scripts:zmEA80MIqmb6WYZxmIgGMRB1FQlfXIPBmjKY90Io1CEmgSUf5vz10ud9ob5La6ZyEQrSXq9hnKQuriyWbfrPpg== Completed in 4ms
251 http fetch GET 200 https://registry.npmjs.org/react-scripts 90ms (cache revalidated)
252 timing metavuln:packument:react-scripts Completed in 94ms
253 timing metavuln:load:security-advisory:react-scripts:vIMY8vNwzPZQlD5JYm0liPGYen1JnF8FF0nRFLpAJkBV5bbH0v/ULMe1oVFpaBoNPBz9haG5YaF2Ou/yxRS+Kg== Completed in 0ms
254 timing metavuln:calculate:security-advisory:react-scripts:vIMY8vNwzPZQlD5JYm0liPGYen1JnF8FF0nRFLpAJkBV5bbH0v/ULMe1oVFpaBoNPBz9haG5YaF2Ou/yxRS+Kg== Completed in 94ms
255 timing metavuln:cache:get:security-advisory:@svgr/plugin-svgo:Y6Uz1R+7eFJi7z9OuDLVFqOqoa+KNEJXoDBaJOvNkGbMybgpFGFyUp3+/hgnlcnP6e++1CmOu8Xd7rAkpDq1oA== Completed in 2ms
256 http fetch GET 200 https://registry.npmjs.org/@svgr%2fplugin-svgo 161ms (cache revalidated)
257 timing metavuln:packument:@svgr/plugin-svgo Completed in 163ms
258 timing metavuln:load:security-advisory:@svgr/plugin-svgo:OHZB6d+CGzzJH+SGXY8su3iJlNH1NaDqhuoKFdPTyWeAjlh6ziaxYy3xIs9UP2Db/gO8IGXhgy1CK5CKZYcXwQ== Completed in 0ms
259 timing metavuln:calculate:security-advisory:@svgr/plugin-svgo:OHZB6d+CGzzJH+SGXY8su3iJlNH1NaDqhuoKFdPTyWeAjlh6ziaxYy3xIs9UP2Db/gO8IGXhgy1CK5CKZYcXwQ== Completed in 163ms
260 timing metavuln:cache:get:security-advisory:@svgr/webpack:9FU+S2nJEE9qkmhw2e9Qf+9r/PGgNQ8ZoC8exzk0iSJUeIPgYWWBDoxV2liO7htWV1W8bttqd7DeVRnSLtQfNA== Completed in 2ms
261 http fetch GET 200 https://registry.npmjs.org/@svgr%2fwebpack 163ms (cache revalidated)
262 timing metavuln:packument:@svgr/webpack Completed in 164ms
263 timing metavuln:load:security-advisory:@svgr/webpack:Y6Uz1R+7eFJi7z9OuDLVFqOqoa+KNEJXoDBaJOvNkGbMybgpFGFyUp3+/hgnlcnP6e++1CmOu8Xd7rAkpDq1oA== Completed in 0ms
264 timing metavuln:calculate:security-advisory:@svgr/webpack:Y6Uz1R+7eFJi7z9OuDLVFqOqoa+KNEJXoDBaJOvNkGbMybgpFGFyUp3+/hgnlcnP6e++1CmOu8Xd7rAkpDq1oA== Completed in 164ms
265 timing metavuln:cache:get:security-advisory:react-scripts:IxmbYQwbfx1OM+t5jacV0IuBwTPOeRze73fJRsKpJhch5By5il4jatxcvsPLEimK5AamC6GEhMc9hyiVH08NBg== Completed in 2ms
266 timing metavuln:load:security-advisory:react-scripts:9FU+S2nJEE9qkmhw2e9Qf+9r/PGgNQ8ZoC8exzk0iSJUeIPgYWWBDoxV2liO7htWV1W8bttqd7DeVRnSLtQfNA== Completed in 1ms
267 timing metavuln:calculate:security-advisory:react-scripts:9FU+S2nJEE9qkmhw2e9Qf+9r/PGgNQ8ZoC8exzk0iSJUeIPgYWWBDoxV2liO7htWV1W8bttqd7DeVRnSLtQfNA== Completed in 3ms
268 timing auditReport:init Completed in 1724ms
269 timing reify:audit Completed in 2566ms
270 timing reify Completed in 8645ms
271 silly ADD node_modules/react-lifecycles-compat
272 silly ADD node_modules/csstype
273 silly ADD node_modules/@types/scheduler
274 silly ADD node_modules/@react-aria/ssr
275 silly ADD node_modules/dequal
276 silly ADD node_modules/warning
277 silly ADD node_modules/uncontrollable
278 silly ADD node_modules/react-transition-group
279 silly ADD node_modules/prop-types-extra
280 silly ADD node_modules/prop-types-extra/node_modules/react-is
281 silly ADD node_modules/invariant
282 silly ADD node_modules/dom-helpers
283 silly ADD node_modules/classnames
284 silly ADD node_modules/@types/warning
285 silly ADD node_modules/@types/react-transition-group
286 silly ADD node_modules/@types/react
287 silly ADD node_modules/@types/prop-types
288 silly ADD node_modules/@types/invariant
289 silly ADD node_modules/@restart/ui
290 silly ADD node_modules/@restart/hooks
291 silly ADD node_modules/react-bootstrap
292 silly ADD node_modules/@popperjs/core
293 silly ADD node_modules/bootstrap
294 silly ADD
295 timing command:install Completed in 8660ms
296 verbose exit 0
297 timing npm Completed in 8922ms
298 info ok
